\BOOKMARK [1][-]{section.1}{\376\377\000I\000n\000t\000r\000o\000d\000u\000c\000t\000i\000o\000n\000:\000\040\000T\000h\000e\000\040\000M\000o\000d\000u\000l\000a\000r\000\040\000M\000a\000n\000i\000f\000e\000s\000t\000o}{}% 1
\BOOKMARK [1][-]{section.2}{\376\377\000C\000u\000r\000r\000e\000n\000t\000\040\000C\000o\000d\000e\000b\000a\000s\000e\000\040\000A\000n\000a\000l\000y\000s\000i\000s}{}% 2
\BOOKMARK [2][-]{subsection.2.1}{\376\377\000T\000h\000e\000\040\000M\000o\000n\000o\000l\000i\000t\000h\000i\000c\000\040\000A\000r\000c\000h\000i\000t\000e\000c\000t\000u\000r\000e}{section.2}% 3
\BOOKMARK [3][-]{subsubsection.2.1.1}{\376\377\000T\000h\000e\000\040\000a\000p\000p\000.\000t\000s\000x\000\040\000G\000o\000d\000\040\000O\000b\000j\000e\000c\000t}{subsection.2.1}% 4
\BOOKMARK [2][-]{subsection.2.2}{\376\377\000H\000e\000a\000v\000y\000\040\000C\000o\000u\000p\000l\000i\000n\000g\000\040\000P\000a\000t\000t\000e\000r\000n\000s}{section.2}% 5
\BOOKMARK [2][-]{subsection.2.3}{\376\377\000O\000v\000e\000r\000s\000i\000z\000e\000d\000\040\000C\000o\000m\000p\000o\000s\000a\000b\000l\000e\000s}{section.2}% 6
\BOOKMARK [1][-]{section.3}{\376\377\000M\000o\000d\000u\000l\000a\000r\000\040\000R\000e\000f\000a\000c\000t\000o\000r\000\040\000S\000t\000r\000a\000t\000e\000g\000y}{}% 7
\BOOKMARK [2][-]{subsection.3.1}{\376\377\000P\000h\000a\000s\000e\000\040\0001\000:\000\040\000C\000o\000n\000t\000e\000x\000t\000\040\000D\000e\000c\000o\000m\000p\000o\000s\000i\000t\000i\000o\000n}{section.3}% 8
\BOOKMARK [3][-]{subsubsection.3.1.1}{\376\377\000B\000r\000e\000a\000k\000i\000n\000g\000\040\000D\000o\000w\000n\000\040\000t\000h\000e\000\040\000a\000p\000p\000.\000t\000s\000x\000\040\000M\000o\000n\000o\000l\000i\000t\000h}{subsection.3.1}% 9
\BOOKMARK [3][-]{subsubsection.3.1.2}{\376\377\000P\000r\000o\000p\000o\000s\000e\000d\000\040\000M\000o\000d\000u\000l\000a\000r\000\040\000U\000n\000i\000t\000s}{subsection.3.1}% 10
\BOOKMARK [2][-]{subsection.3.2}{\376\377\000P\000h\000a\000s\000e\000\040\0002\000:\000\040\000C\000o\000m\000p\000o\000s\000a\000b\000l\000e\000\040\000D\000e\000c\000o\000m\000p\000o\000s\000i\000t\000i\000o\000n}{section.3}% 11
\BOOKMARK [3][-]{subsubsection.3.2.1}{\376\377\000B\000r\000e\000a\000k\000i\000n\000g\000\040\000D\000o\000w\000n\000\040\000L\000a\000r\000g\000e\000\040\000C\000o\000m\000p\000o\000s\000a\000b\000l\000e\000s}{subsection.3.2}% 12
\BOOKMARK [3][-]{subsubsection.3.2.2}{\376\377\000D\000r\000a\000g\000\040\000a\000n\000d\000\040\000D\000r\000o\000p\000\040\000D\000e\000c\000o\000m\000p\000o\000s\000i\000t\000i\000o\000n}{subsection.3.2}% 13
\BOOKMARK [2][-]{subsection.3.3}{\376\377\000P\000h\000a\000s\000e\000\040\0003\000:\000\040\000C\000o\000m\000p\000o\000n\000e\000n\000t\000\040\000P\000u\000r\000i\000f\000i\000c\000a\000t\000i\000o\000n}{section.3}% 14
\BOOKMARK [3][-]{subsubsection.3.3.1}{\376\377\000M\000a\000k\000i\000n\000g\000\040\000C\000o\000m\000p\000o\000n\000e\000n\000t\000s\000\040\000M\000o\000d\000u\000l\000a\000r}{subsection.3.3}% 15
\BOOKMARK [2][-]{subsection.3.4}{\376\377\000P\000h\000a\000s\000e\000\040\0004\000:\000\040\000C\000r\000o\000s\000s\000-\000P\000r\000o\000j\000e\000c\000t\000\040\000I\000n\000t\000e\000g\000r\000a\000t\000i\000o\000n\000\040\000E\000n\000a\000b\000l\000e\000m\000e\000n\000t}{section.3}% 16
\BOOKMARK [3][-]{subsubsection.3.4.1}{\376\377\000C\000r\000e\000a\000t\000i\000n\000g\000\040\000R\000e\000u\000s\000a\000b\000l\000e\000\040\000M\000o\000d\000u\000l\000e\000s}{subsection.3.4}% 17
\BOOKMARK [1][-]{section.4}{\376\377\000I\000m\000p\000l\000e\000m\000e\000n\000t\000a\000t\000i\000o\000n\000\040\000R\000o\000a\000d\000m\000a\000p}{}% 18
\BOOKMARK [2][-]{subsection.4.1}{\376\377\000P\000h\000a\000s\000e\000\040\0001\000:\000\040\000E\000x\000t\000r\000a\000c\000t\000\040\000C\000o\000r\000e\000\040\000M\000o\000d\000u\000l\000e\000s\000\040\000\050\000W\000e\000e\000k\000\040\0001\000-\0002\000\051}{section.4}% 19
\BOOKMARK [2][-]{subsection.4.2}{\376\377\000P\000h\000a\000s\000e\000\040\0002\000:\000\040\000D\000e\000c\000o\000m\000p\000o\000s\000e\000\040\000L\000a\000r\000g\000e\000\040\000C\000o\000m\000p\000o\000s\000a\000b\000l\000e\000s\000\040\000\050\000W\000e\000e\000k\000\040\0003\000-\0004\000\051}{section.4}% 20
\BOOKMARK [2][-]{subsection.4.3}{\376\377\000P\000h\000a\000s\000e\000\040\0003\000:\000\040\000C\000o\000m\000p\000o\000n\000e\000n\000t\000\040\000P\000u\000r\000i\000f\000i\000c\000a\000t\000i\000o\000n\000\040\000\050\000W\000e\000e\000k\000\040\0005\000-\0006\000\051}{section.4}% 21
\BOOKMARK [2][-]{subsection.4.4}{\376\377\000P\000h\000a\000s\000e\000\040\0004\000:\000\040\000C\000o\000m\000m\000u\000n\000i\000t\000y\000\040\000E\000n\000a\000b\000l\000e\000m\000e\000n\000t\000\040\000\050\000W\000e\000e\000k\000\040\0007\000-\0008\000\051}{section.4}% 22
\BOOKMARK [1][-]{section.5}{\376\377\000B\000e\000n\000e\000f\000i\000t\000s\000\040\000o\000f\000\040\000M\000o\000d\000u\000l\000a\000r\000\040\000A\000r\000c\000h\000i\000t\000e\000c\000t\000u\000r\000e}{}% 23
\BOOKMARK [2][-]{subsection.5.1}{\376\377\000C\000o\000m\000m\000u\000n\000i\000t\000y\000\040\000G\000r\000o\000w\000t\000h}{section.5}% 24
\BOOKMARK [2][-]{subsection.5.2}{\376\377\000M\000a\000i\000n\000t\000e\000n\000a\000n\000c\000e\000\040\000B\000e\000n\000e\000f\000i\000t\000s}{section.5}% 25
\BOOKMARK [2][-]{subsection.5.3}{\376\377\000D\000e\000v\000e\000l\000o\000p\000e\000r\000\040\000E\000x\000p\000e\000r\000i\000e\000n\000c\000e}{section.5}% 26
\BOOKMARK [1][-]{section.6}{\376\377\000R\000i\000s\000k\000s\000\040\000a\000n\000d\000\040\000M\000i\000t\000i\000g\000a\000t\000i\000o\000n}{}% 27
\BOOKMARK [2][-]{subsection.6.1}{\376\377\000C\000o\000o\000r\000d\000i\000n\000a\000t\000i\000o\000n\000\040\000C\000o\000m\000p\000l\000e\000x\000i\000t\000y}{section.6}% 28
\BOOKMARK [2][-]{subsection.6.2}{\376\377\000P\000e\000r\000f\000o\000r\000m\000a\000n\000c\000e\000\040\000O\000v\000e\000r\000h\000e\000a\000d}{section.6}% 29
\BOOKMARK [2][-]{subsection.6.3}{\376\377\000O\000v\000e\000r\000-\000A\000t\000o\000m\000i\000z\000a\000t\000i\000o\000n}{section.6}% 30
\BOOKMARK [1][-]{section.7}{\376\377\000A\000d\000d\000i\000t\000i\000o\000n\000a\000l\000\040\000A\000n\000t\000i\000-\000M\000o\000d\000u\000l\000a\000r\000\040\000P\000a\000t\000t\000e\000r\000n\000s\000\040\000D\000i\000s\000c\000o\000v\000e\000r\000e\000d}{}% 31
\BOOKMARK [2][-]{subsection.7.1}{\376\377\000T\000h\000e\000\040\000P\000y\000t\000h\000o\000n\000\040\000B\000a\000c\000k\000e\000n\000d\000\040\000L\000e\000v\000i\000a\000t\000h\000a\000n}{section.7}% 32
\BOOKMARK [2][-]{subsection.7.2}{\376\377\000F\000r\000o\000n\000t\000e\000n\000d\000\040\000M\000e\000g\000a\000-\000C\000o\000m\000p\000o\000n\000e\000n\000t\000s}{section.7}% 33
\BOOKMARK [3][-]{subsubsection.7.2.1}{\376\377\000T\000h\000e\000\040\000P\000e\000r\000f\000o\000r\000m\000a\000n\000c\000e\000D\000a\000s\000h\000b\000o\000a\000r\000d\000\040\000M\000e\000g\000a\000-\000C\000o\000m\000p\000o\000n\000e\000n\000t}{subsection.7.2}% 34
\BOOKMARK [2][-]{subsection.7.3}{\376\377\000C\000o\000m\000p\000o\000s\000a\000b\000l\000e\000\040\000C\000o\000m\000p\000l\000e\000x\000i\000t\000y\000\040\000E\000x\000p\000l\000o\000s\000i\000o\000n\000s}{section.7}% 35
\BOOKMARK [1][-]{section.8}{\376\377\000E\000x\000t\000e\000n\000d\000e\000d\000\040\000M\000o\000d\000u\000l\000a\000r\000\040\000R\000e\000f\000a\000c\000t\000o\000r\000\040\000S\000t\000r\000a\000t\000e\000g\000y}{}% 36
\BOOKMARK [2][-]{subsection.8.1}{\376\377\000P\000h\000a\000s\000e\000\040\0001\000:\000\040\000B\000a\000c\000k\000e\000n\000d\000\040\000D\000e\000c\000o\000m\000p\000o\000s\000i\000t\000i\000o\000n\000\040\000\050\000I\000m\000m\000e\000d\000i\000a\000t\000e\000\040\000P\000r\000i\000o\000r\000i\000t\000y\000\051}{section.8}% 37
\BOOKMARK [3][-]{subsubsection.8.1.1}{\376\377\000B\000r\000e\000a\000k\000i\000n\000g\000\040\000t\000h\000e\000\040\000P\000y\000t\000h\000o\000n\000\040\000L\000e\000v\000i\000a\000t\000h\000a\000n}{subsection.8.1}% 38
\BOOKMARK [3][-]{subsubsection.8.1.2}{\376\377\000P\000r\000o\000p\000o\000s\000e\000d\000\040\000B\000a\000c\000k\000e\000n\000d\000\040\000M\000o\000d\000u\000l\000e\000\040\000S\000t\000r\000u\000c\000t\000u\000r\000e}{subsection.8.1}% 39
\BOOKMARK [2][-]{subsection.8.2}{\376\377\000P\000h\000a\000s\000e\000\040\0002\000:\000\040\000C\000o\000m\000p\000o\000n\000e\000n\000t\000\040\000P\000u\000r\000i\000f\000i\000c\000a\000t\000i\000o\000n}{section.8}% 40
\BOOKMARK [3][-]{subsubsection.8.2.1}{\376\377\000D\000e\000c\000o\000m\000p\000o\000s\000i\000n\000g\000\040\000P\000e\000r\000f\000o\000r\000m\000a\000n\000c\000e\000D\000a\000s\000h\000b\000o\000a\000r\000d}{subsection.8.2}% 41
\BOOKMARK [3][-]{subsubsection.8.2.2}{\376\377\000G\000a\000l\000l\000e\000r\000y\000\040\000C\000o\000m\000p\000o\000n\000e\000n\000t\000\040\000M\000o\000d\000u\000l\000a\000r\000\040\000T\000r\000a\000n\000s\000f\000o\000r\000m\000a\000t\000i\000o\000n}{subsection.8.2}% 42
\BOOKMARK [2][-]{subsection.8.3}{\376\377\000P\000h\000a\000s\000e\000\040\0003\000:\000\040\000A\000l\000g\000o\000r\000i\000t\000h\000m\000\040\000D\000e\000c\000o\000m\000p\000o\000s\000i\000t\000i\000o\000n}{section.8}% 43
\BOOKMARK [3][-]{subsubsection.8.3.1}{\376\377\000B\000r\000e\000a\000k\000i\000n\000g\000\040\000D\000o\000w\000n\000\040\000C\000o\000m\000p\000l\000e\000x\000\040\000A\000l\000g\000o\000r\000i\000t\000h\000m\000s}{subsection.8.3}% 44
\BOOKMARK [2][-]{subsection.8.4}{\376\377\000P\000h\000a\000s\000e\000\040\0004\000:\000\040\000D\000e\000p\000e\000n\000d\000e\000n\000c\000y\000\040\000I\000n\000j\000e\000c\000t\000i\000o\000n\000\040\000E\000l\000i\000m\000i\000n\000a\000t\000i\000o\000n}{section.8}% 45
\BOOKMARK [3][-]{subsubsection.8.4.1}{\376\377\000R\000e\000m\000o\000v\000i\000n\000g\000\040\000D\000e\000e\000p\000\040\000I\000m\000p\000o\000r\000t\000\040\000C\000h\000a\000i\000n\000s}{subsection.8.4}% 46
\BOOKMARK [1][-]{section.9}{\376\377\000I\000m\000p\000l\000e\000m\000e\000n\000t\000a\000t\000i\000o\000n\000\040\000R\000o\000a\000d\000m\000a\000p\000\040\000E\000x\000t\000e\000n\000s\000i\000o\000n}{}% 47
\BOOKMARK [2][-]{subsection.9.1}{\376\377\000P\000h\000a\000s\000e\000\040\0001\000:\000\040\000B\000a\000c\000k\000e\000n\000d\000\040\000M\000o\000d\000u\000l\000a\000r\000\040\000S\000u\000r\000g\000e\000r\000y\000\040\000\050\000W\000e\000e\000k\000\040\0001\000-\0003\000\051}{section.9}% 48
\BOOKMARK [2][-]{subsection.9.2}{\376\377\000P\000h\000a\000s\000e\000\040\0002\000:\000\040\000F\000r\000o\000n\000t\000e\000n\000d\000\040\000C\000o\000m\000p\000o\000n\000e\000n\000t\000\040\000D\000e\000c\000o\000m\000p\000o\000s\000i\000t\000i\000o\000n\000\040\000\050\000W\000e\000e\000k\000\040\0004\000-\0006\000\051}{section.9}% 49
\BOOKMARK [2][-]{subsection.9.3}{\376\377\000P\000h\000a\000s\000e\000\040\0003\000:\000\040\000A\000l\000g\000o\000r\000i\000t\000h\000m\000\040\000E\000x\000t\000r\000a\000c\000t\000i\000o\000n\000\040\000\050\000W\000e\000e\000k\000\040\0007\000-\0008\000\051}{section.9}% 50
\BOOKMARK [2][-]{subsection.9.4}{\376\377\000P\000h\000a\000s\000e\000\040\0004\000:\000\040\000C\000r\000o\000s\000s\000-\000P\000r\000o\000j\000e\000c\000t\000\040\000I\000n\000t\000e\000g\000r\000a\000t\000i\000o\000n\000\040\000T\000e\000s\000t\000i\000n\000g\000\040\000\050\000W\000e\000e\000k\000\040\0009\000-\0001\0000\000\051}{section.9}% 51
\BOOKMARK [1][-]{section.10}{\376\377\000A\000d\000v\000a\000n\000c\000e\000d\000\040\000M\000o\000d\000u\000l\000a\000r\000\040\000M\000e\000t\000r\000i\000c\000s}{}% 52
\BOOKMARK [2][-]{subsection.10.1}{\376\377\000C\000o\000m\000p\000l\000e\000x\000i\000t\000y\000\040\000R\000e\000d\000u\000c\000t\000i\000o\000n\000\040\000T\000a\000r\000g\000e\000t\000s}{section.10}% 53
\BOOKMARK [2][-]{subsection.10.2}{\376\377\000M\000o\000d\000u\000l\000a\000r\000\040\000H\000e\000a\000l\000t\000h\000\040\000S\000c\000o\000r\000e}{section.10}% 54
\BOOKMARK [1][-]{section.11}{\376\377\000C\000o\000m\000m\000u\000n\000i\000t\000y\000\040\000G\000r\000o\000w\000t\000h\000\040\000S\000t\000r\000a\000t\000e\000g\000y}{}% 55
\BOOKMARK [2][-]{subsection.11.1}{\376\377\000M\000o\000d\000u\000l\000a\000r\000\040\000M\000o\000d\000u\000l\000e\000\040\000M\000a\000r\000k\000e\000t\000p\000l\000a\000c\000e}{section.11}% 56
\BOOKMARK [2][-]{subsection.11.2}{\376\377\000A\000d\000o\000p\000t\000i\000o\000n\000\040\000M\000e\000t\000r\000i\000c\000s}{section.11}% 57
\BOOKMARK [1][-]{section.12}{\376\377\000P\000r\000o\000g\000r\000e\000s\000s\000\040\000U\000p\000d\000a\000t\000e}{}% 58
\BOOKMARK [2][-]{subsection.12.1}{\376\377\000F\000r\000o\000n\000t\000e\000n\000d\000:\000\040\000I\000m\000a\000g\000e\000\040\000V\000i\000e\000w\000e\000r\000\040\000a\000n\000d\000\040\000M\000o\000d\000a\000l\000\040\000E\000n\000c\000a\000p\000s\000u\000l\000a\000t\000i\000o\000n}{section.12}% 59
\BOOKMARK [2][-]{subsection.12.2}{\376\377\000G\000a\000l\000l\000e\000r\000y\000\040\000P\000i\000p\000e\000l\000i\000n\000e\000:\000\040\000T\000h\000u\000m\000b\000n\000a\000i\000l\000\040\000B\000a\000t\000c\000h\000i\000n\000g\000\040\000I\000n\000t\000e\000g\000r\000a\000t\000i\000o\000n}{section.12}% 60
\BOOKMARK [1][-]{section.13}{\376\377\000R\000i\000s\000k\000\040\000M\000i\000t\000i\000g\000a\000t\000i\000o\000n\000\040\000E\000x\000t\000e\000n\000s\000i\000o\000n\000s}{}% 61
\BOOKMARK [2][-]{subsection.13.1}{\376\377\000P\000e\000r\000f\000o\000r\000m\000a\000n\000c\000e\000\040\000R\000e\000g\000r\000e\000s\000s\000i\000o\000n\000\040\000P\000r\000e\000v\000e\000n\000t\000i\000o\000n}{section.13}% 62
\BOOKMARK [2][-]{subsection.13.2}{\376\377\000C\000o\000o\000r\000d\000i\000n\000a\000t\000i\000o\000n\000\040\000C\000o\000m\000p\000l\000e\000x\000i\000t\000y\000\040\000M\000a\000n\000a\000g\000e\000m\000e\000n\000t}{section.13}% 63
\BOOKMARK [1][-]{section.14}{\376\377\000C\000o\000n\000c\000l\000u\000s\000i\000o\000n\000\040\000E\000x\000t\000e\000n\000s\000i\000o\000n}{}% 64
