\BOOKMARK [1][-]{section.1}{\376\377\000C\000o\000d\000e\000b\000a\000s\000e\000\040\000S\000c\000a\000n\000:\000\040\000C\000u\000r\000r\000e\000n\000t\000\040\000S\000t\000a\000t\000e}{}% 1
\BOOKMARK [2][-]{subsection.1.1}{\376\377\000C\000o\000m\000f\000y\000S\000e\000r\000v\000i\000c\000e\000:\000\040\000B\000a\000c\000k\000o\000f\000f\000\040\000+\000\040\000J\000i\000t\000t\000e\000r\000\040\000P\000r\000e\000s\000e\000n\000t}{section.1}% 2
\BOOKMARK [2][-]{subsection.1.2}{\376\377\000N\000L\000W\000e\000b\000R\000o\000u\000t\000e\000r\000S\000e\000r\000v\000i\000c\000e\000:\000\040\000B\000a\000c\000k\000o\000f\000f\000\040\000+\000\040\000J\000i\000t\000t\000e\000r\000\040\000P\000r\000e\000s\000e\000n\000t}{section.1}% 3
\BOOKMARK [2][-]{subsection.1.3}{\376\377\000V\000e\000c\000t\000o\000r\000D\000B\000S\000e\000r\000v\000i\000c\000e\000:\000\040\000E\000n\000g\000i\000n\000e\000\040\000R\000e\000b\000u\000i\000l\000d\000\040\000w\000i\000t\000h\000\040\000B\000o\000u\000n\000d\000e\000d\000\040\000R\000e\000t\000r\000y}{section.1}% 4
\BOOKMARK [2][-]{subsection.1.4}{\376\377\000M\000e\000t\000r\000i\000c\000s\000\040\000S\000n\000a\000p\000s\000h\000o\000t\000\040\000E\000n\000d\000p\000o\000i\000n\000t}{section.1}% 5
\BOOKMARK [2][-]{subsection.1.5}{\376\377\000A\000d\000m\000i\000n\000\040\000R\000e\000s\000t\000a\000r\000t\000\040\000E\000n\000d\000p\000o\000i\000n\000t\000\040\000a\000n\000d\000\040\000T\000e\000s\000t\000s}{section.1}% 6
\BOOKMARK [1][-]{section.2}{\376\377\000I\000m\000p\000l\000e\000m\000e\000n\000t\000a\000t\000i\000o\000n\000\040\000P\000l\000a\000n}{}% 7
\BOOKMARK [2][-]{subsection.2.1}{\376\377\000J\000i\000t\000t\000e\000r\000e\000d\000\040\000B\000a\000c\000k\000o\000f\000f\000\040\000w\000i\000t\000h\000\040\000C\000a\000p\000\040\000a\000n\000d\000\040\000I\000m\000m\000e\000d\000i\000a\000t\000e\000-\000F\000i\000r\000s\000t\000\040\000R\000e\000t\000r\000y}{section.2}% 8
\BOOKMARK [2][-]{subsection.2.2}{\376\377\000P\000r\000o\000m\000e\000t\000h\000e\000u\000s\000-\000S\000t\000y\000l\000e\000\040\000M\000e\000t\000r\000i\000c\000s\000\040\000S\000n\000a\000p\000s\000h\000o\000t}{section.2}% 9
\BOOKMARK [1][-]{section.3}{\376\377\000A\000l\000g\000o\000r\000i\000t\000h\000m\000i\000c\000\040\000D\000e\000t\000a\000i\000l\000s}{}% 10
\BOOKMARK [2][-]{subsection.3.1}{\376\377\000E\000x\000p\000o\000n\000e\000n\000t\000i\000a\000l\000\040\000B\000a\000c\000k\000o\000f\000f\000\040\000w\000i\000t\000h\000\040\000J\000i\000t\000t\000e\000r\000\040\000a\000n\000d\000\040\000C\000a\000p}{section.3}% 11
\BOOKMARK [2][-]{subsection.3.2}{\376\377\000E\000x\000t\000e\000r\000n\000a\000l\000\040\000P\000r\000o\000b\000e\000\040\000a\000n\000d\000\040\000H\000e\000a\000l\000t\000h\000\040\000M\000a\000p\000p\000i\000n\000g\000\040\000\050\000N\000L\000W\000e\000b\000\051}{section.3}% 12
\BOOKMARK [2][-]{subsection.3.3}{\376\377\000V\000e\000c\000t\000o\000r\000D\000B\000\040\000R\000e\000b\000u\000i\000l\000d\000\040\000a\000n\000d\000\040\000B\000o\000u\000n\000d\000e\000d\000\040\000R\000e\000t\000r\000y}{section.3}% 13
\BOOKMARK [2][-]{subsection.3.4}{\376\377\000M\000e\000t\000r\000i\000c\000s\000\040\000S\000n\000a\000p\000s\000h\000o\000t\000\040\000A\000g\000g\000r\000e\000g\000a\000t\000i\000o\000n}{section.3}% 14
\BOOKMARK [3][-]{subsubsection.3.4.1}{\376\377\000P\000r\000o\000m\000e\000t\000h\000e\000u\000s\000-\000S\000t\000y\000l\000e\000\040\000M\000e\000t\000r\000i\000c\000s\000:\000\040\000D\000e\000t\000a\000i\000l\000e\000d\000\040\000D\000e\000s\000i\000g\000n}{subsection.3.4}% 15
\BOOKMARK [2][-]{subsection.3.5}{\376\377\000A\000d\000m\000i\000n\000\040\000R\000e\000s\000t\000a\000r\000t\000\040\000F\000l\000o\000w}{section.3}% 16
\BOOKMARK [2][-]{subsection.3.6}{\376\377\000H\000e\000a\000l\000t\000h\000\040\000S\000u\000m\000m\000a\000r\000i\000z\000a\000t\000i\000o\000n}{section.3}% 17
\BOOKMARK [2][-]{subsection.3.7}{\376\377\000A\000d\000m\000i\000n\000\040\000R\000e\000s\000t\000a\000r\000t\000\040\000H\000a\000p\000p\000y\000-\000P\000a\000t\000h\000\040\000T\000e\000s\000t\000s}{section.3}% 18
\BOOKMARK [1][-]{section.4}{\376\377\000V\000e\000r\000i\000f\000i\000c\000a\000t\000i\000o\000n\000\040\000a\000n\000d\000\040\000T\000e\000s\000t\000s}{}% 19
\BOOKMARK [1][-]{section.5}{\376\377\000A\000c\000h\000i\000e\000v\000e\000m\000e\000n\000t\000\040\000P\000o\000i\000n\000t\000s}{}% 20
\BOOKMARK [1][-]{section.6}{\376\377\000C\000o\000n\000c\000l\000u\000s\000i\000o\000n}{}% 21
