\BOOKMARK [1][-]{section.1}{\376\377\000I\000n\000t\000r\000o\000d\000u\000c\000t\000i\000o\000n\000:\000\040\000F\000r\000o\000m\000\040\000T\000h\000e\000o\000r\000y\000\040\000t\000o\000\040\000P\000r\000a\000c\000t\000i\000c\000e}{}% 1
\BOOKMARK [2][-]{subsection.1.1}{\376\377\000T\000h\000e\000\040\000G\000a\000m\000i\000f\000i\000c\000a\000t\000i\000o\000n\000\040\000A\000p\000p\000r\000o\000a\000c\000h}{section.1}% 2
\BOOKMARK [1][-]{section.2}{\376\377\000I\000m\000p\000l\000e\000m\000e\000n\000t\000a\000t\000i\000o\000n\000\040\000R\000e\000s\000u\000l\000t\000s}{}% 3
\BOOKMARK [2][-]{subsection.2.1}{\376\377\000P\000h\000a\000s\000e\000\040\0001\000:\000\040\000C\000o\000n\000t\000e\000x\000t\000\040\000D\000e\000c\000o\000m\000p\000o\000s\000i\000t\000i\000o\000n\000\040\000-\000\040\000C\000o\000m\000p\000l\000e\000t\000e}{section.2}% 4
\BOOKMARK [3][-]{subsubsection.2.1.1}{\376\377\000T\000h\000e\000\040\000M\000o\000n\000o\000l\000i\000t\000h\000\040\000B\000e\000f\000o\000r\000e}{subsection.2.1}% 5
\BOOKMARK [3][-]{subsubsection.2.1.2}{\376\377\000E\000x\000t\000r\000a\000c\000t\000e\000d\000\040\000M\000o\000d\000u\000l\000e\000s}{subsection.2.1}% 6
\BOOKMARK [2][-]{subsection.2.2}{\376\377\000C\000o\000m\000p\000o\000s\000a\000b\000l\000e\000\040\000D\000e\000c\000o\000m\000p\000o\000s\000i\000t\000i\000o\000n\000\040\000I\000m\000p\000l\000e\000m\000e\000n\000t\000a\000t\000i\000o\000n}{section.2}% 7
\BOOKMARK [3][-]{subsubsection.2.2.1}{\376\377\000S\000c\000r\000o\000l\000l\000\040\000C\000o\000o\000r\000d\000i\000n\000a\000t\000o\000r\000\040\000D\000e\000c\000o\000m\000p\000o\000s\000i\000t\000i\000o\000n}{subsection.2.2}% 8
\BOOKMARK [3][-]{subsubsection.2.2.2}{\376\377\000D\000r\000a\000g\000\040\000a\000n\000d\000\040\000D\000r\000o\000p\000\040\000D\000e\000c\000o\000m\000p\000o\000s\000i\000t\000i\000o\000n}{subsection.2.2}% 9
\BOOKMARK [3][-]{subsubsection.2.2.3}{\376\377\000O\000v\000e\000r\000l\000a\000p\000p\000i\000n\000g\000\040\000B\000o\000x\000\040\000C\000y\000c\000l\000i\000n\000g\000\040\000D\000e\000c\000o\000m\000p\000o\000s\000i\000t\000i\000o\000n}{subsection.2.2}% 10
\BOOKMARK [3][-]{subsubsection.2.2.4}{\376\377\000P\000e\000r\000f\000o\000r\000m\000a\000n\000c\000e\000\040\000M\000o\000n\000i\000t\000o\000r\000\040\000D\000e\000c\000o\000m\000p\000o\000s\000i\000t\000i\000o\000n}{subsection.2.2}% 11
\BOOKMARK [3][-]{subsubsection.2.2.5}{\376\377\000S\000c\000r\000o\000l\000l\000\040\000P\000r\000i\000m\000i\000t\000i\000v\000e\000\040\000I\000m\000p\000l\000e\000m\000e\000n\000t\000a\000t\000i\000o\000n\000\040\000D\000e\000t\000a\000i\000l\000s}{subsection.2.2}% 12
\BOOKMARK [2][-]{subsection.2.3}{\376\377\000A\000r\000c\000h\000i\000t\000e\000c\000t\000u\000r\000e\000\040\000S\000y\000s\000t\000e\000m\000\040\000I\000m\000p\000l\000e\000m\000e\000n\000t\000a\000t\000i\000o\000n}{section.2}% 13
\BOOKMARK [3][-]{subsubsection.2.3.1}{\376\377\000M\000o\000d\000u\000l\000e\000\040\000R\000e\000g\000i\000s\000t\000r\000y}{subsection.2.3}% 14
\BOOKMARK [3][-]{subsubsection.2.3.2}{\376\377\000M\000o\000d\000u\000l\000e\000\040\000C\000o\000m\000p\000o\000s\000i\000t\000i\000o\000n\000\040\000L\000a\000y\000e\000r}{subsection.2.3}% 15
\BOOKMARK [1][-]{section.3}{\376\377\000T\000e\000s\000t\000i\000n\000g\000\040\000I\000m\000p\000l\000e\000m\000e\000n\000t\000a\000t\000i\000o\000n}{}% 16
\BOOKMARK [2][-]{subsection.3.1}{\376\377\000C\000o\000m\000p\000r\000e\000h\000e\000n\000s\000i\000v\000e\000\040\000T\000e\000s\000t\000\040\000S\000u\000i\000t\000e}{section.3}% 17
\BOOKMARK [2][-]{subsection.3.2}{\376\377\000T\000e\000s\000t\000\040\000I\000m\000p\000l\000e\000m\000e\000n\000t\000a\000t\000i\000o\000n\000\040\000E\000x\000a\000m\000p\000l\000e\000s}{section.3}% 18
\BOOKMARK [3][-]{subsubsection.3.2.1}{\376\377\000T\000h\000e\000m\000e\000\040\000M\000o\000d\000u\000l\000e\000\040\000T\000e\000s\000t\000s}{subsection.3.2}% 19
\BOOKMARK [3][-]{subsubsection.3.2.2}{\376\377\000A\000u\000t\000h\000\040\000M\000o\000d\000u\000l\000e\000\040\000T\000e\000s\000t\000s}{subsection.3.2}% 20
\BOOKMARK [3][-]{subsubsection.3.2.3}{\376\377\000S\000c\000r\000o\000l\000l\000\040\000P\000r\000i\000m\000i\000t\000i\000v\000e\000\040\000T\000e\000s\000t\000s}{subsection.3.2}% 21
\BOOKMARK [3][-]{subsubsection.3.2.4}{\376\377\000D\000r\000a\000g\000\040\000P\000r\000i\000m\000i\000t\000i\000v\000e\000\040\000T\000e\000s\000t\000s}{subsection.3.2}% 22
\BOOKMARK [1][-]{section.4}{\376\377\000D\000o\000c\000u\000m\000e\000n\000t\000a\000t\000i\000o\000n\000\040\000I\000m\000p\000l\000e\000m\000e\000n\000t\000a\000t\000i\000o\000n}{}% 23
\BOOKMARK [2][-]{subsection.4.1}{\376\377\000C\000o\000m\000p\000r\000e\000h\000e\000n\000s\000i\000v\000e\000\040\000R\000E\000A\000D\000M\000E\000\040\000S\000y\000s\000t\000e\000m}{section.4}% 24
\BOOKMARK [2][-]{subsection.4.2}{\376\377\000M\000o\000d\000u\000l\000e\000\040\000D\000o\000c\000u\000m\000e\000n\000t\000a\000t\000i\000o\000n\000\040\000E\000x\000a\000m\000p\000l\000e\000s}{section.4}% 25
\BOOKMARK [1][-]{section.5}{\376\377\000P\000o\000i\000n\000t\000\040\000S\000y\000s\000t\000e\000m\000\040\000I\000m\000p\000l\000e\000m\000e\000n\000t\000a\000t\000i\000o\000n}{}% 26
\BOOKMARK [2][-]{subsection.5.1}{\376\377\000A\000c\000h\000i\000e\000v\000e\000m\000e\000n\000t\000\040\000S\000c\000o\000r\000i\000n\000g}{section.5}% 27
\BOOKMARK [2][-]{subsection.5.2}{\376\377\000S\000u\000c\000c\000e\000s\000s\000\040\000M\000e\000t\000r\000i\000c\000s\000\040\000T\000r\000a\000c\000k\000i\000n\000g}{section.5}% 28
\BOOKMARK [1][-]{section.6}{\376\377\000R\000e\000a\000l\000-\000W\000o\000r\000l\000d\000\040\000R\000e\000s\000u\000l\000t\000s}{}% 29
\BOOKMARK [2][-]{subsection.6.1}{\376\377\000C\000o\000d\000e\000\040\000Q\000u\000a\000l\000i\000t\000y\000\040\000I\000m\000p\000r\000o\000v\000e\000m\000e\000n\000t\000s}{section.6}% 30
\BOOKMARK [2][-]{subsection.6.2}{\376\377\000C\000r\000i\000t\000i\000c\000a\000l\000\040\000I\000n\000t\000e\000g\000r\000a\000t\000i\000o\000n\000\040\000F\000i\000x\000e\000s\000\040\000\050\000.\000.\000.\000a\000\040\000y\000e\000a\000r\000\040\000l\000a\000t\000e\000r\000.\000.\000.\000\051}{section.6}% 31
\BOOKMARK [3][-]{subsubsection.6.2.1}{\376\377\000S\000i\000d\000e\000b\000a\000r\000\040\000M\000o\000d\000a\000l\000i\000t\000y\000\040\000F\000i\000l\000t\000e\000r\000i\000n\000g\000\040\000R\000e\000s\000t\000o\000r\000a\000t\000i\000o\000n}{subsection.6.2}% 32
\BOOKMARK [3][-]{subsubsection.6.2.2}{\376\377\000T\000e\000x\000t\000\040\000T\000h\000u\000m\000b\000n\000a\000i\000l\000\040\000G\000e\000n\000e\000r\000a\000t\000i\000o\000n\000\040\000F\000i\000x}{subsection.6.2}% 33
\BOOKMARK [3][-]{subsubsection.6.2.3}{\376\377\000P\000e\000r\000f\000o\000r\000m\000a\000n\000c\000e\000\040\000O\000p\000t\000i\000m\000i\000z\000a\000t\000i\000o\000n}{subsection.6.2}% 34
\BOOKMARK [3][-]{subsubsection.6.2.4}{\376\377\000T\000e\000s\000t\000\040\000S\000u\000i\000t\000e\000\040\000I\000n\000t\000e\000g\000r\000a\000t\000i\000o\000n\000\040\000F\000i\000x\000e\000s}{subsection.6.2}% 35
\BOOKMARK [3][-]{subsubsection.6.2.5}{\376\377\000I\000n\000t\000e\000g\000r\000a\000t\000i\000o\000n\000\040\000R\000e\000s\000u\000l\000t\000s}{subsection.6.2}% 36
\BOOKMARK [3][-]{subsubsection.6.2.6}{\376\377\000R\000e\000s\000p\000o\000n\000s\000i\000v\000e\000G\000r\000i\000d\000\040\000P\000a\000r\000e\000n\000t\000\040\000D\000i\000r\000e\000c\000t\000o\000r\000y\000\040\000N\000a\000v\000i\000g\000a\000t\000i\000o\000n\000\040\000I\000m\000p\000l\000e\000m\000e\000n\000t\000a\000t\000i\000o\000n}{subsection.6.2}% 37
\BOOKMARK [3][-]{subsubsection.6.2.7}{\376\377\000G\000a\000l\000l\000e\000r\000y\000\040\000C\000o\000m\000p\000o\000n\000e\000n\000t\000\040\000E\000n\000h\000a\000n\000c\000e\000m\000e\000n\000t}{subsection.6.2}% 38
\BOOKMARK [3][-]{subsubsection.6.2.8}{\376\377\000C\000S\000S\000\040\000S\000t\000y\000l\000i\000n\000g\000\040\000E\000n\000h\000a\000n\000c\000e\000m\000e\000n\000t}{subsection.6.2}% 39
\BOOKMARK [3][-]{subsubsection.6.2.9}{\376\377\000T\000e\000s\000t\000\040\000S\000u\000i\000t\000e\000\040\000I\000m\000p\000l\000e\000m\000e\000n\000t\000a\000t\000i\000o\000n}{subsection.6.2}% 40
\BOOKMARK [3][-]{subsubsection.6.2.10}{\376\377\000T\000e\000c\000h\000n\000i\000c\000a\000l\000\040\000I\000m\000p\000l\000e\000m\000e\000n\000t\000a\000t\000i\000o\000n\000\040\000D\000e\000t\000a\000i\000l\000s}{subsection.6.2}% 41
\BOOKMARK [2][-]{subsection.6.3}{\376\377\000D\000e\000v\000e\000l\000o\000p\000e\000r\000\040\000E\000x\000p\000e\000r\000i\000e\000n\000c\000e\000\040\000E\000n\000h\000a\000n\000c\000e\000m\000e\000n\000t\000s}{section.6}% 42
\BOOKMARK [1][-]{section.7}{\376\377\000L\000e\000s\000s\000o\000n\000s\000\040\000L\000e\000a\000r\000n\000e\000d}{}% 43
\BOOKMARK [2][-]{subsection.7.1}{\376\377\000G\000a\000m\000i\000f\000i\000c\000a\000t\000i\000o\000n\000\040\000B\000e\000n\000e\000f\000i\000t\000s}{section.7}% 44
\BOOKMARK [2][-]{subsection.7.2}{\376\377\000T\000e\000c\000h\000n\000i\000c\000a\000l\000\040\000I\000n\000s\000i\000g\000h\000t\000s}{section.7}% 45
\BOOKMARK [2][-]{subsection.7.3}{\376\377\000C\000h\000a\000l\000l\000e\000n\000g\000e\000s\000\040\000O\000v\000e\000r\000c\000o\000m\000e}{section.7}% 46
\BOOKMARK [1][-]{section.8}{\376\377\000F\000u\000t\000u\000r\000e\000\040\000W\000o\000r\000k}{}% 47
\BOOKMARK [2][-]{subsection.8.1}{\376\377\000P\000h\000a\000s\000e\000\040\0002\000:\000\040\000C\000o\000m\000p\000o\000s\000a\000b\000l\000e\000\040\000D\000e\000c\000o\000m\000p\000o\000s\000i\000t\000i\000o\000n\000\040\000-\000\040\000C\000o\000m\000p\000l\000e\000t\000e}{section.8}% 48
\BOOKMARK [2][-]{subsection.8.2}{\376\377\000P\000h\000a\000s\000e\000\040\0003\000:\000\040\000C\000o\000m\000p\000o\000n\000e\000n\000t\000\040\000P\000u\000r\000i\000f\000i\000c\000a\000t\000i\000o\000n}{section.8}% 49
\BOOKMARK [2][-]{subsection.8.3}{\376\377\000C\000r\000o\000s\000s\000-\000P\000r\000o\000j\000e\000c\000t\000\040\000I\000n\000t\000e\000g\000r\000a\000t\000i\000o\000n}{section.8}% 50
\BOOKMARK [1][-]{section.9}{\376\377\000C\000u\000r\000r\000e\000n\000t\000\040\000P\000r\000o\000g\000r\000e\000s\000s\000:\000\040\000P\000o\000s\000t\000-\000R\000e\000f\000a\000c\000t\000o\000r\000\040\000I\000n\000t\000e\000g\000r\000a\000t\000i\000o\000n\000\040\000C\000h\000a\000l\000l\000e\000n\000g\000e\000s}{}% 51
\BOOKMARK [2][-]{subsection.9.1}{\376\377\000T\000h\000e\000\040\000I\000n\000t\000e\000g\000r\000a\000t\000i\000o\000n\000\040\000C\000h\000a\000l\000l\000e\000n\000g\000e}{section.9}% 52
\BOOKMARK [2][-]{subsection.9.2}{\376\377\000A\000c\000h\000i\000e\000v\000e\000m\000e\000n\000t\000\040\000P\000o\000i\000n\000t\000s\000\040\000A\000w\000a\000r\000d\000e\000d}{section.9}% 53
\BOOKMARK [2][-]{subsection.9.3}{\376\377\000A\000w\000o\000o\000!\000\040\000W\000e\000\040\000b\000r\000o\000k\000e\000\040\000i\000t\000!\000\040\000N\000o\000w\000\040\000l\000e\000t\000'\000s\000\040\000f\000i\000x\000\040\000i\000t\000!}{section.9}% 54
\BOOKMARK [2][-]{subsection.9.4}{\376\377\000T\000a\000s\000k\000\040\000S\000p\000e\000c\000i\000f\000i\000c\000\040\000A\000c\000h\000i\000e\000v\000e\000m\000e\000n\000t\000s}{section.9}% 55
\BOOKMARK [2][-]{subsection.9.5}{\376\377\000S\000y\000s\000t\000e\000m\000a\000t\000i\000c\000\040\000E\000r\000r\000o\000r\000\040\000R\000e\000s\000o\000l\000u\000t\000i\000o\000n}{section.9}% 56
\BOOKMARK [3][-]{subsubsection.9.5.1}{\376\377\000E\000r\000r\000o\000r\000\040\000R\000e\000s\000o\000l\000u\000t\000i\000o\000n\000\040\000P\000r\000o\000g\000r\000e\000s\000s}{subsection.9.5}% 57
\BOOKMARK [3][-]{subsubsection.9.5.2}{\376\377\000M\000o\000d\000u\000l\000a\000r\000\040\000A\000r\000c\000h\000i\000t\000e\000c\000t\000u\000r\000e\000\040\000B\000e\000n\000e\000f\000i\000t\000s}{subsection.9.5}% 58
\BOOKMARK [2][-]{subsection.9.6}{\376\377\000M\000o\000d\000a\000l\000i\000t\000y\000\040\000V\000i\000e\000w\000e\000r\000\040\000R\000e\000s\000t\000o\000r\000a\000t\000i\000o\000n}{section.9}% 59
\BOOKMARK [3][-]{subsubsection.9.6.1}{\376\377\000N\000e\000w\000\040\000M\000o\000d\000a\000l\000\040\000C\000o\000m\000p\000o\000n\000e\000n\000t\000s}{subsection.9.6}% 60
\BOOKMARK [3][-]{subsubsection.9.6.2}{\376\377\000C\000o\000m\000p\000o\000n\000e\000n\000t\000\040\000I\000n\000t\000e\000g\000r\000a\000t\000i\000o\000n}{subsection.9.6}% 61
\BOOKMARK [3][-]{subsubsection.9.6.3}{\376\377\000R\000e\000s\000p\000o\000n\000s\000i\000v\000e\000G\000r\000i\000d\000\040\000E\000n\000h\000a\000n\000c\000e\000m\000e\000n\000t}{subsection.9.6}% 62
\BOOKMARK [2][-]{subsection.9.7}{\376\377\000C\000o\000m\000p\000r\000e\000h\000e\000n\000s\000i\000v\000e\000\040\000T\000e\000s\000t\000i\000n\000g\000\040\000I\000m\000p\000l\000e\000m\000e\000n\000t\000a\000t\000i\000o\000n}{section.9}% 63
\BOOKMARK [3][-]{subsubsection.9.7.1}{\376\377\000T\000e\000s\000t\000\040\000C\000o\000v\000e\000r\000a\000g\000e}{subsection.9.7}% 64
\BOOKMARK [3][-]{subsubsection.9.7.2}{\376\377\000T\000e\000s\000t\000\040\000I\000m\000p\000l\000e\000m\000e\000n\000t\000a\000t\000i\000o\000n\000\040\000E\000x\000a\000m\000p\000l\000e\000s}{subsection.9.7}% 65
\BOOKMARK [2][-]{subsection.9.8}{\376\377\000C\000u\000r\000r\000e\000n\000t\000\040\000S\000t\000a\000t\000u\000s\000\040\000a\000n\000d\000\040\000R\000e\000m\000a\000i\000n\000i\000n\000g\000\040\000W\000o\000r\000k}{section.9}% 66
\BOOKMARK [3][-]{subsubsection.9.8.1}{\376\377\000C\000o\000m\000p\000l\000e\000t\000e\000d\000\040\000A\000c\000h\000i\000e\000v\000e\000m\000e\000n\000t\000s}{subsection.9.8}% 67
\BOOKMARK [2][-]{subsection.9.9}{\376\377\000R\000e\000c\000e\000n\000t\000\040\000R\000e\000f\000a\000c\000t\000o\000r\000i\000n\000g\000\040\000E\000f\000f\000o\000r\000t\000s\000:\000\040\000T\000e\000x\000t\000\040\000M\000o\000d\000a\000l\000\040\000E\000n\000h\000a\000n\000c\000e\000m\000e\000n\000t}{section.9}% 68
\BOOKMARK [3][-]{subsubsection.9.9.1}{\376\377\000M\000o\000n\000a\000c\000o\000\040\000E\000d\000i\000t\000o\000r\000\040\000I\000n\000t\000e\000g\000r\000a\000t\000i\000o\000n}{subsection.9.9}% 69
\BOOKMARK [3][-]{subsubsection.9.9.2}{\376\377\000I\000m\000p\000l\000e\000m\000e\000n\000t\000a\000t\000i\000o\000n\000\040\000C\000h\000a\000l\000l\000e\000n\000g\000e\000s\000\040\000a\000n\000d\000\040\000S\000o\000l\000u\000t\000i\000o\000n\000s}{subsection.9.9}% 70
\BOOKMARK [3][-]{subsubsection.9.9.3}{\376\377\000T\000e\000c\000h\000n\000i\000c\000a\000l\000\040\000I\000m\000p\000l\000e\000m\000e\000n\000t\000a\000t\000i\000o\000n\000\040\000D\000e\000t\000a\000i\000l\000s}{subsection.9.9}% 71
\BOOKMARK [3][-]{subsubsection.9.9.4}{\376\377\000C\000S\000S\000\040\000L\000a\000y\000o\000u\000t\000\040\000a\000n\000d\000\040\000P\000o\000s\000i\000t\000i\000o\000n\000i\000n\000g}{subsection.9.9}% 72
\BOOKMARK [3][-]{subsubsection.9.9.5}{\376\377\000H\000e\000a\000d\000e\000r\000\040\000O\000p\000t\000i\000m\000i\000z\000a\000t\000i\000o\000n}{subsection.9.9}% 73
\BOOKMARK [3][-]{subsubsection.9.9.6}{\376\377\000L\000a\000n\000g\000u\000a\000g\000e\000\040\000D\000e\000t\000e\000c\000t\000i\000o\000n\000\040\000S\000y\000s\000t\000e\000m}{subsection.9.9}% 74
\BOOKMARK [3][-]{subsubsection.9.9.7}{\376\377\000T\000e\000s\000t\000i\000n\000g\000\040\000a\000n\000d\000\040\000Q\000u\000a\000l\000i\000t\000y\000\040\000A\000s\000s\000u\000r\000a\000n\000c\000e}{subsection.9.9}% 75
\BOOKMARK [3][-]{subsubsection.9.9.8}{\376\377\000U\000s\000e\000r\000\040\000E\000x\000p\000e\000r\000i\000e\000n\000c\000e\000\040\000E\000n\000h\000a\000n\000c\000e\000m\000e\000n\000t\000s}{subsection.9.9}% 76
\BOOKMARK [3][-]{subsubsection.9.9.9}{\376\377\000M\000o\000d\000u\000l\000a\000r\000\040\000A\000r\000c\000h\000i\000t\000e\000c\000t\000u\000r\000e\000\040\000B\000e\000n\000e\000f\000i\000t\000s}{subsection.9.9}% 77
\BOOKMARK [3][-]{subsubsection.9.9.10}{\376\377\000R\000e\000m\000a\000i\000n\000i\000n\000g\000\040\000T\000y\000p\000e\000S\000c\000r\000i\000p\000t\000\040\000E\000r\000r\000o\000r\000s}{subsection.9.9}% 78
\BOOKMARK [3][-]{subsubsection.9.9.11}{\376\377\000I\000n\000t\000e\000g\000r\000a\000t\000i\000o\000n\000\040\000P\000o\000i\000n\000t\000s}{subsection.9.9}% 79
\BOOKMARK [2][-]{subsection.9.10}{\376\377\000L\000e\000s\000s\000o\000n\000s\000\040\000f\000r\000o\000m\000\040\000I\000n\000t\000e\000g\000r\000a\000t\000i\000o\000n\000\040\000C\000h\000a\000l\000l\000e\000n\000g\000e\000s}{section.9}% 80
\BOOKMARK [3][-]{subsubsection.9.10.1}{\376\377\000M\000o\000d\000u\000l\000a\000r\000\040\000A\000r\000c\000h\000i\000t\000e\000c\000t\000u\000r\000e\000\040\000R\000e\000s\000i\000l\000i\000e\000n\000c\000e}{subsection.9.10}% 81
\BOOKMARK [3][-]{subsubsection.9.10.2}{\376\377\000I\000n\000t\000e\000g\000r\000a\000t\000i\000o\000n\000\040\000B\000e\000s\000t\000\040\000P\000r\000a\000c\000t\000i\000c\000e\000s}{subsection.9.10}% 82
\BOOKMARK [2][-]{subsection.9.11}{\376\377\000P\000o\000i\000n\000t\000\040\000S\000y\000s\000t\000e\000m\000\040\000U\000p\000d\000a\000t\000e}{section.9}% 83
\BOOKMARK [2][-]{subsection.9.12}{\376\377\000F\000i\000l\000e\000\040\000H\000a\000n\000d\000l\000e\000\040\000L\000e\000a\000k\000\040\000R\000e\000s\000o\000l\000u\000t\000i\000o\000n\000:\000\040\000A\000\040\000C\000r\000i\000t\000i\000c\000a\000l\000\040\000S\000y\000s\000t\000e\000m\000\040\000S\000t\000a\000b\000i\000l\000i\000t\000y\000\040\000A\000c\000h\000i\000e\000v\000e\000m\000e\000n\000t}{section.9}% 84
\BOOKMARK [3][-]{subsubsection.9.12.1}{\376\377\000T\000h\000e\000\040\000P\000r\000o\000b\000l\000e\000m\000\040\000A\000n\000a\000l\000y\000s\000i\000s}{subsection.9.12}% 85
\BOOKMARK [3][-]{subsubsection.9.12.2}{\376\377\000T\000h\000e\000\040\000S\000o\000l\000u\000t\000i\000o\000n\000\040\000I\000m\000p\000l\000e\000m\000e\000n\000t\000a\000t\000i\000o\000n}{subsection.9.12}% 86
\BOOKMARK [3][-]{subsubsection.9.12.3}{\376\377\000C\000o\000m\000p\000r\000e\000h\000e\000n\000s\000i\000v\000e\000\040\000T\000e\000s\000t\000i\000n\000g\000\040\000I\000m\000p\000l\000e\000m\000e\000n\000t\000a\000t\000i\000o\000n}{subsection.9.12}% 87
\BOOKMARK [3][-]{subsubsection.9.12.4}{\376\377\000S\000y\000s\000t\000e\000m\000a\000t\000i\000c\000\040\000D\000e\000b\000u\000g\000g\000i\000n\000g\000\040\000P\000r\000o\000c\000e\000s\000s}{subsection.9.12}% 88
\BOOKMARK [3][-]{subsubsection.9.12.5}{\376\377\000T\000e\000c\000h\000n\000i\000c\000a\000l\000\040\000I\000n\000s\000i\000g\000h\000t\000s\000\040\000a\000n\000d\000\040\000L\000e\000s\000s\000o\000n\000s\000\040\000L\000e\000a\000r\000n\000e\000d}{subsection.9.12}% 89
\BOOKMARK [3][-]{subsubsection.9.12.6}{\376\377\000I\000m\000p\000a\000c\000t\000\040\000o\000n\000\040\000S\000y\000s\000t\000e\000m\000\040\000S\000t\000a\000b\000i\000l\000i\000t\000y}{subsection.9.12}% 90
\BOOKMARK [3][-]{subsubsection.9.12.7}{\376\377\000I\000n\000t\000e\000g\000r\000a\000t\000i\000o\000n\000\040\000w\000i\000t\000h\000\040\000M\000o\000d\000u\000l\000a\000r\000\040\000A\000r\000c\000h\000i\000t\000e\000c\000t\000u\000r\000e}{subsection.9.12}% 91
\BOOKMARK [2][-]{subsection.9.13}{\376\377\000U\000p\000d\000a\000t\000e\000d\000\040\000T\000o\000t\000a\000l\000\040\000A\000c\000h\000i\000e\000v\000e\000m\000e\000n\000t\000\040\000S\000c\000o\000r\000e}{section.9}% 92
\BOOKMARK [1][-]{section.10}{\376\377\000C\000o\000n\000c\000l\000u\000s\000i\000o\000n}{}% 93
\BOOKMARK [2][-]{subsection.10.1}{\376\377\000T\000h\000e\000\040\000M\000o\000d\000u\000l\000a\000r\000\040\000S\000p\000e\000l\000l\000c\000r\000a\000f\000t\000:\000\040\000T\000e\000c\000h\000n\000i\000c\000a\000l\000\040\000D\000e\000e\000p\000\040\000D\000i\000v\000e}{section.10}% 94
\BOOKMARK [3][-]{subsubsection.10.1.1}{\376\377\000M\000o\000d\000u\000l\000e\000\040\000R\000e\000g\000i\000s\000t\000r\000y\000:\000\040\000O\000u\000r\000\040\000G\000r\000a\000n\000d\000\040\000G\000r\000i\000m\000o\000i\000r\000e}{subsection.10.1}% 95
\BOOKMARK [3][-]{subsubsection.10.1.2}{\376\377\000T\000h\000e\000m\000e\000\040\000M\000o\000d\000u\000l\000e\000:\000\040\000T\000h\000e\000\040\000C\000o\000l\000o\000r\000\040\000W\000e\000a\000v\000e\000r\000'\000s\000\040\000A\000r\000t}{subsection.10.1}% 96
\BOOKMARK [3][-]{subsubsection.10.1.3}{\376\377\000A\000u\000t\000h\000\040\000M\000o\000d\000u\000l\000e\000:\000\040\000T\000h\000e\000\040\000G\000a\000t\000e\000k\000e\000e\000p\000e\000r\000'\000s\000\040\000V\000i\000g\000i\000l}{subsection.10.1}% 97
\BOOKMARK [3][-]{subsubsection.10.1.4}{\376\377\000S\000c\000r\000o\000l\000l\000\040\000S\000t\000a\000t\000e\000\040\000P\000r\000i\000m\000i\000t\000i\000v\000e\000:\000\040\000T\000h\000e\000\040\000F\000l\000o\000w\000\040\000C\000o\000n\000t\000r\000o\000l\000l\000e\000r\000'\000s\000\040\000W\000i\000s\000d\000o\000m}{subsection.10.1}% 98
\BOOKMARK [3][-]{subsubsection.10.1.5}{\376\377\000D\000r\000a\000g\000\040\000S\000t\000a\000t\000e\000\040\000P\000r\000i\000m\000i\000t\000i\000v\000e\000:\000\040\000T\000h\000e\000\040\000M\000o\000v\000e\000m\000e\000n\000t\000\040\000M\000a\000s\000t\000e\000r\000'\000s\000\040\000A\000r\000t}{subsection.10.1}% 99
\BOOKMARK [3][-]{subsubsection.10.1.6}{\376\377\000R\000e\000s\000p\000o\000n\000s\000i\000v\000e\000G\000r\000i\000d\000:\000\040\000T\000h\000e\000\040\000L\000a\000y\000o\000u\000t\000\040\000W\000e\000a\000v\000e\000r\000'\000s\000\040\000M\000a\000s\000t\000e\000r\000p\000i\000e\000c\000e}{subsection.10.1}% 100
\BOOKMARK [3][-]{subsubsection.10.1.7}{\376\377\000T\000e\000x\000t\000M\000o\000d\000a\000l\000:\000\040\000T\000h\000e\000\040\000C\000o\000d\000e\000\040\000E\000d\000i\000t\000o\000r\000'\000s\000\040\000S\000a\000n\000c\000t\000u\000a\000r\000y}{subsection.10.1}% 101
\BOOKMARK [3][-]{subsubsection.10.1.8}{\376\377\000S\000R\000G\000B\000I\000m\000a\000g\000e\000O\000p\000e\000n\000e\000r\000:\000\040\000T\000h\000e\000\040\000R\000e\000s\000o\000u\000r\000c\000e\000\040\000G\000u\000a\000r\000d\000i\000a\000n\000'\000s\000\040\000V\000i\000g\000i\000l}{subsection.10.1}% 102
\BOOKMARK [2][-]{subsection.10.2}{\376\377\000T\000h\000e\000\040\000A\000r\000c\000a\000n\000e\000\040\000P\000a\000t\000t\000e\000r\000n\000s\000\040\000W\000e\000'\000v\000e\000\040\000D\000i\000s\000c\000o\000v\000e\000r\000e\000d}{section.10}% 103
\BOOKMARK [3][-]{subsubsection.10.2.1}{\376\377\000T\000h\000e\000\040\0001\0000\0000\000-\000L\000i\000n\000e\000\040\000R\000u\000l\000e\000:\000\040\000S\000a\000c\000r\000e\000d\000\040\000C\000o\000v\000e\000n\000a\000n\000t}{subsection.10.2}% 104
\BOOKMARK [3][-]{subsubsection.10.2.2}{\376\377\000Z\000e\000r\000o\000\040\000D\000e\000p\000e\000n\000d\000e\000n\000c\000i\000e\000s\000:\000\040\000T\000h\000e\000\040\000B\000i\000n\000d\000i\000n\000g\000\040\000R\000u\000n\000e}{subsection.10.2}% 105
\BOOKMARK [3][-]{subsubsection.10.2.3}{\376\377\000R\000e\000a\000c\000t\000i\000v\000e\000\040\000S\000t\000a\000t\000e\000\040\000M\000a\000n\000a\000g\000e\000m\000e\000n\000t\000:\000\040\000T\000h\000e\000\040\000F\000l\000o\000w\000\040\000o\000f\000\040\000M\000a\000g\000i\000c}{subsection.10.2}% 106
\BOOKMARK [3][-]{subsubsection.10.2.4}{\376\377\000C\000o\000n\000t\000e\000x\000t\000\040\000M\000a\000n\000a\000g\000e\000r\000\040\000P\000a\000t\000t\000e\000r\000n\000s\000:\000\040\000T\000h\000e\000\040\000R\000e\000s\000o\000u\000r\000c\000e\000\040\000G\000u\000a\000r\000d\000i\000a\000n\000'\000s\000\040\000A\000r\000t}{subsection.10.2}% 107
\BOOKMARK [2][-]{subsection.10.3}{\376\377\000T\000h\000e\000\040\000L\000e\000s\000s\000o\000n\000s\000\040\000o\000f\000\040\000I\000n\000t\000e\000g\000r\000a\000t\000i\000o\000n}{section.10}% 108
\BOOKMARK [3][-]{subsubsection.10.3.1}{\376\377\000I\000n\000t\000e\000r\000f\000a\000c\000e\000\040\000C\000o\000n\000s\000i\000s\000t\000e\000n\000c\000y\000:\000\040\000T\000h\000e\000\040\000T\000r\000e\000a\000t\000y\000\040\000B\000e\000t\000w\000e\000e\000n\000\040\000M\000o\000d\000u\000l\000e\000s}{subsection.10.3}% 109
\BOOKMARK [3][-]{subsubsection.10.3.2}{\376\377\000S\000y\000s\000t\000e\000m\000a\000t\000i\000c\000\040\000D\000e\000b\000u\000g\000g\000i\000n\000g\000:\000\040\000T\000h\000e\000\040\000D\000e\000t\000e\000c\000t\000i\000v\000e\000'\000s\000\040\000M\000e\000t\000h\000o\000d}{subsection.10.3}% 110
\BOOKMARK [2][-]{subsection.10.4}{\376\377\000T\000h\000e\000\040\000F\000u\000t\000u\000r\000e\000\040\000o\000f\000\040\000M\000o\000d\000u\000l\000a\000r\000\040\000A\000r\000c\000h\000i\000t\000e\000c\000t\000u\000r\000e}{section.10}% 111
\BOOKMARK [3][-]{subsubsection.10.4.1}{\376\377\000C\000r\000o\000s\000s\000-\000P\000r\000o\000j\000e\000c\000t\000\040\000I\000n\000t\000e\000g\000r\000a\000t\000i\000o\000n\000:\000\040\000S\000p\000r\000e\000a\000d\000i\000n\000g\000\040\000t\000h\000e\000\040\000W\000i\000s\000d\000o\000m}{subsection.10.4}% 112
\BOOKMARK [3][-]{subsubsection.10.4.2}{\376\377\000P\000e\000r\000f\000o\000r\000m\000a\000n\000c\000e\000\040\000O\000p\000t\000i\000m\000i\000z\000a\000t\000i\000o\000n\000:\000\040\000T\000h\000e\000\040\000A\000r\000t\000\040\000o\000f\000\040\000E\000f\000f\000i\000c\000i\000e\000n\000c\000y}{subsection.10.4}% 113
\BOOKMARK [3][-]{subsubsection.10.4.3}{\376\377\000U\000s\000e\000r\000\040\000E\000x\000p\000e\000r\000i\000e\000n\000c\000e\000:\000\040\000T\000h\000e\000\040\000W\000o\000l\000f\000'\000s\000\040\000P\000e\000r\000s\000p\000e\000c\000t\000i\000v\000e}{subsection.10.4}% 114
\BOOKMARK [2][-]{subsection.10.5}{\376\377\000T\000h\000e\000\040\000A\000r\000c\000a\000n\000e\000\040\000S\000c\000r\000o\000l\000l\000s\000\040\000o\000f\000\040\000A\000c\000h\000i\000e\000v\000e\000m\000e\000n\000t}{section.10}% 115
\BOOKMARK [2][-]{subsection.10.6}{\376\377\000T\000h\000e\000\040\000W\000i\000s\000d\000o\000m\000\040\000o\000f\000\040\000t\000h\000e\000\040\000M\000o\000d\000u\000l\000a\000r\000\040\000W\000o\000l\000f}{section.10}% 116
\BOOKMARK [1][-]{section.11}{\376\377\000P\000o\000s\000t\000-\000R\000e\000f\000a\000c\000t\000o\000r\000\040\000S\000y\000s\000t\000e\000m\000s\000:\000\040\000R\000A\000G\000,\000\040\000N\000L\000W\000e\000b\000,\000\040\000a\000n\000d\000\040\000t\000h\000e\000\040\000F\000o\000x\000-\000A\000s\000s\000i\000s\000t\000a\000n\000t}{}% 117
\BOOKMARK [2][-]{subsection.11.1}{\376\377\000R\000A\000G\000:\000\040\000R\000e\000t\000r\000i\000e\000v\000a\000l\000-\000A\000u\000g\000m\000e\000n\000t\000e\000d\000\040\000W\000i\000s\000d\000o\000m}{section.11}% 118
\BOOKMARK [3][-]{subsubsection.11.1.1}{\376\377\000R\000A\000G\000\040\000C\000o\000m\000p\000o\000n\000e\000n\000t\000s\000\040\000\050\000s\000i\000g\000n\000a\000t\000u\000r\000e\000s\000\051}{subsection.11.1}% 119
\BOOKMARK [2][-]{subsection.11.2}{\376\377\000N\000L\000W\000e\000b\000:\000\040\000A\000\040\000R\000o\000u\000t\000e\000r\000\040\000o\000f\000\040\000I\000n\000t\000e\000n\000t}{section.11}% 120
\BOOKMARK [2][-]{subsection.11.3}{\376\377\330\076\335\212\000\040\000T\000h\000e\000\040\000Y\000i\000p\000Y\000a\000p\000\040\000A\000s\000s\000i\000s\000t\000a\000n\000t\000:\000\040\000S\000t\000r\000e\000a\000m\000i\000n\000g\000,\000\040\000T\000o\000o\000l\000s\000,\000\040\000a\000n\000d\000\040\000M\000o\000d\000e\000l\000s}{section.11}% 121
\BOOKMARK [2][-]{subsection.11.4}{\376\377\000C\000o\000n\000f\000i\000g\000u\000r\000a\000t\000i\000o\000n\000\040\000F\000l\000a\000g\000s\000\040\000a\000n\000d\000\040\000H\000e\000a\000l\000t\000h}{section.11}% 122
\BOOKMARK [2][-]{subsection.11.5}{\376\377\000Q\000u\000a\000l\000i\000t\000y\000,\000\040\000C\000o\000v\000e\000r\000a\000g\000e\000,\000\040\000a\000n\000d\000\040\000G\000u\000a\000r\000d\000r\000a\000i\000l\000s}{section.11}% 123
\BOOKMARK [2][-]{subsection.11.6}{\376\377\000A\000c\000h\000i\000e\000v\000e\000m\000e\000n\000t\000\040\000P\000o\000i\000n\000t\000s\000:\000\040\000S\000y\000s\000t\000e\000m\000s\000\040\000E\000x\000p\000a\000n\000s\000i\000o\000n}{section.11}% 124
\BOOKMARK [1][-]{section.12}{\376\377\000P\000l\000a\000t\000f\000o\000r\000m\000\040\000O\000r\000c\000h\000e\000s\000t\000r\000a\000t\000i\000o\000n\000:\000\040\000C\000o\000n\000f\000i\000g\000,\000\040\000S\000e\000r\000v\000i\000c\000e\000s\000,\000\040\000T\000o\000o\000l\000s\000,\000\040\000a\000n\000d\000\040\000S\000t\000r\000e\000a\000m\000s}{}% 125
\BOOKMARK [2][-]{subsection.12.1}{\376\377\000C\000o\000n\000f\000i\000g\000u\000r\000a\000t\000i\000o\000n\000:\000\040\000F\000e\000a\000t\000u\000r\000e\000\040\000F\000l\000a\000g\000s\000\040\000a\000n\000d\000\040\000E\000n\000v\000i\000r\000o\000n\000m\000e\000n\000t\000\040\000A\000u\000t\000h\000o\000r\000i\000t\000y}{section.12}% 126
\BOOKMARK [2][-]{subsection.12.2}{\376\377\000S\000e\000r\000v\000i\000c\000e\000\040\000M\000a\000n\000a\000g\000e\000r\000\040\000a\000n\000d\000\040\000R\000e\000g\000i\000s\000t\000r\000i\000e\000s}{section.12}% 127
\BOOKMARK [2][-]{subsection.12.3}{\376\377\000D\000i\000f\000f\000u\000s\000i\000o\000n\000\040\000L\000L\000M\000:\000\040\000D\000r\000e\000a\000m\000O\000n\000\040\000S\000c\000a\000f\000f\000o\000l\000d\000\040\000w\000i\000t\000h\000\040\000S\000t\000r\000e\000a\000m\000i\000n\000g}{section.12}% 128
\BOOKMARK [2][-]{subsection.12.4}{\376\377\000C\000o\000n\000n\000e\000c\000t\000i\000o\000n\000\040\000P\000o\000o\000l\000:\000\040\000R\000e\000u\000s\000e\000,\000\040\000H\000e\000a\000l\000t\000h\000,\000\040\000a\000n\000d\000\040\000C\000l\000e\000a\000n\000u\000p}{section.12}% 129
\BOOKMARK [2][-]{subsection.12.5}{\376\377\000T\000o\000o\000l\000i\000n\000g\000\040\000S\000y\000s\000t\000e\000m\000:\000\040\000C\000o\000n\000t\000r\000a\000c\000t\000s\000,\000\040\000V\000a\000l\000i\000d\000a\000t\000i\000o\000n\000,\000\040\000a\000n\000d\000\040\000A\000u\000d\000i\000t}{section.12}% 130
\BOOKMARK [2][-]{subsection.12.6}{\376\377\000S\000t\000r\000e\000a\000m\000i\000n\000g\000\040\000C\000o\000n\000t\000r\000a\000c\000t\000s\000:\000\040\000T\000y\000p\000e\000d\000\040\000C\000h\000u\000n\000k\000s\000\040\000E\000v\000e\000r\000y\000w\000h\000e\000r\000e}{section.12}% 131
\BOOKMARK [2][-]{subsection.12.7}{\376\377\000F\000r\000o\000n\000t\000e\000n\000d\000\040\000I\000n\000t\000e\000g\000r\000a\000t\000i\000o\000n\000s\000:\000\040\000C\000o\000m\000f\000y\000\040\000a\000n\000d\000\040\000B\000a\000t\000c\000h\000\040\000O\000p\000e\000r\000a\000t\000i\000o\000n\000s}{section.12}% 132
\BOOKMARK [2][-]{subsection.12.8}{\376\377\000R\000o\000u\000t\000e\000r\000\040\000R\000e\000s\000i\000l\000i\000e\000n\000c\000e\000:\000\040\000W\000a\000r\000m\000\040\000C\000a\000c\000h\000e\000s\000\040\000a\000n\000d\000\040\000S\000t\000a\000l\000e\000\040\000F\000a\000l\000l\000b\000a\000c\000k}{section.12}% 133
\BOOKMARK [2][-]{subsection.12.9}{\376\377\000A\000c\000h\000i\000e\000v\000e\000m\000e\000n\000t\000\040\000P\000o\000i\000n\000t\000s\000:\000\040\000O\000r\000c\000h\000e\000s\000t\000r\000a\000t\000i\000o\000n\000\040\000a\000n\000d\000\040\000C\000o\000n\000t\000r\000a\000c\000t\000s}{section.12}% 134
