\BOOKMARK [1][-]{section.1}{\376\377\000I\000n\000t\000r\000o\000d\000u\000c\000t\000i\000o\000n}{}% 1
\BOOKMARK [1][-]{section.2}{\376\377\000S\000o\000l\000i\000d\000J\000S\000\040\000R\000e\000a\000c\000t\000i\000v\000i\000t\000y\000\040\000a\000n\000d\000\040\000O\000p\000t\000i\000m\000i\000s\000t\000i\000c\000\040\000U\000p\000d\000a\000t\000e\000s}{}% 2
\BOOKMARK [1][-]{section.3}{\376\377\000O\000P\000U\000S\000\040\000A\000l\000g\000o\000r\000i\000t\000h\000m}{}% 3
\BOOKMARK [2][-]{subsection.3.1}{\376\377\000O\000p\000t\000i\000m\000i\000s\000t\000i\000c\000\040\000U\000p\000d\000a\000t\000e\000\040\000F\000l\000o\000w}{section.3}% 4
\BOOKMARK [2][-]{subsection.3.2}{\376\377\000E\000r\000r\000o\000r\000\040\000H\000a\000n\000d\000l\000i\000n\000g}{section.3}% 5
\BOOKMARK [1][-]{section.4}{\376\377\000S\000y\000s\000t\000e\000m\000\040\000A\000r\000c\000h\000i\000t\000e\000c\000t\000u\000r\000e}{}% 6
\BOOKMARK [1][-]{section.5}{\376\377\000C\000u\000r\000r\000e\000n\000t\000\040\000O\000p\000t\000i\000m\000i\000s\000t\000i\000c\000\040\000U\000p\000d\000a\000t\000e\000\040\000I\000m\000p\000l\000e\000m\000e\000n\000t\000a\000t\000i\000o\000n\000s\000\040\000i\000n\000\040\000Y\000i\000p\000Y\000a\000p}{}% 7
\BOOKMARK [2][-]{subsection.5.1}{\376\377\000G\000a\000l\000l\000e\000r\000y\000\040\000F\000i\000l\000e\000\040\000U\000p\000l\000o\000a\000d\000s}{section.5}% 8
\BOOKMARK [2][-]{subsection.5.2}{\376\377\000C\000a\000p\000t\000i\000o\000n\000\040\000E\000d\000i\000t\000i\000n\000g}{section.5}% 9
\BOOKMARK [2][-]{subsection.5.3}{\376\377\000F\000a\000v\000o\000r\000i\000t\000e\000s}{section.5}% 10
\BOOKMARK [2][-]{subsection.5.4}{\376\377\000T\000a\000g\000\040\000M\000a\000n\000a\000g\000e\000m\000e\000n\000t}{section.5}% 11
\BOOKMARK [2][-]{subsection.5.5}{\376\377\000B\000o\000u\000n\000d\000i\000n\000g\000\040\000B\000o\000x\000\040\000E\000d\000i\000t\000i\000n\000g}{section.5}% 12
\BOOKMARK [1][-]{section.6}{\376\377\000O\000p\000p\000o\000r\000t\000u\000n\000i\000t\000i\000e\000s\000\040\000f\000o\000r\000\040\000F\000u\000r\000t\000h\000e\000r\000\040\000O\000p\000t\000i\000m\000i\000s\000t\000i\000c\000\040\000U\000p\000d\000a\000t\000e\000s}{}% 13
\BOOKMARK [2][-]{subsection.6.1}{\376\377\000G\000i\000t\000\040\000O\000p\000e\000r\000a\000t\000i\000o\000n\000s}{section.6}% 14
\BOOKMARK [2][-]{subsection.6.2}{\376\377\000B\000a\000t\000c\000h\000\040\000O\000p\000e\000r\000a\000t\000i\000o\000n\000s}{section.6}% 15
\BOOKMARK [2][-]{subsection.6.3}{\376\377\000S\000e\000t\000t\000i\000n\000g\000s\000\040\000a\000n\000d\000\040\000P\000r\000e\000f\000e\000r\000e\000n\000c\000e\000s}{section.6}% 16
\BOOKMARK [2][-]{subsection.6.4}{\376\377\000G\000a\000l\000l\000e\000r\000y\000\040\000D\000e\000l\000e\000t\000i\000o\000n}{section.6}% 17
\BOOKMARK [2][-]{subsection.6.5}{\376\377\000C\000a\000n\000d\000i\000d\000a\000t\000e\000\040\000F\000i\000l\000e\000s\000\040\000f\000o\000r\000\040\000O\000P\000U\000S\000\040\000I\000n\000t\000e\000g\000r\000a\000t\000i\000o\000n}{section.6}% 18
\BOOKMARK [1][-]{section.7}{\376\377\000B\000e\000s\000t\000\040\000P\000r\000a\000c\000t\000i\000c\000e\000s\000\040\000f\000o\000r\000\040\000O\000p\000t\000i\000m\000i\000s\000t\000i\000c\000\040\000U\000p\000d\000a\000t\000e\000s\000\040\000i\000n\000\040\000S\000o\000l\000i\000d\000J\000S}{}% 19
\BOOKMARK [1][-]{section.8}{\376\377\000C\000o\000n\000c\000l\000u\000s\000i\000o\000n}{}% 20
\BOOKMARK [1][-]{section.9}{\376\377\000R\000e\000f\000e\000r\000e\000n\000c\000e\000s}{}% 21
