\BOOKMARK [1][-]{section.1}{\376\377\000I\000n\000t\000r\000o\000d\000u\000c\000t\000i\000o\000n\000:\000\040\000T\000h\000e\000\040\000S\000c\000a\000l\000e\000\040\000o\000f\000\040\000t\000h\000e\000\040\000C\000h\000a\000l\000l\000e\000n\000g\000e}{}% 1
\BOOKMARK [2][-]{subsection.1.1}{\376\377\000T\000h\000e\000\040\000C\000o\000m\000p\000r\000e\000h\000e\000n\000s\000i\000v\000e\000\040\000A\000n\000a\000l\000y\000s\000i\000s\000\040\000S\000c\000o\000p\000e}{section.1}% 2
\BOOKMARK [1][-]{section.2}{\376\377\000T\000h\000e\000\040\000B\000a\000c\000k\000e\000n\000d\000\040\000L\000e\000v\000i\000a\000t\000h\000a\000n\000\040\000E\000c\000o\000s\000y\000s\000t\000e\000m}{}% 3
\BOOKMARK [2][-]{subsection.2.1}{\376\377\000T\000h\000e\000\040\000P\000y\000t\000h\000o\000n\000\040\000M\000o\000n\000o\000l\000i\000t\000h\000\040\000L\000a\000n\000d\000s\000c\000a\000p\000e}{section.2}% 4
\BOOKMARK [2][-]{subsection.2.2}{\376\377\000T\000h\000e\000\040\000L\000a\000z\000y\000\040\000L\000o\000a\000d\000e\000r\000\040\000L\000e\000v\000i\000a\000t\000h\000a\000n\000\040\000R\000e\000v\000i\000s\000i\000t\000e\000d}{section.2}% 5
\BOOKMARK [3][-]{subsubsection.2.2.1}{\376\377\000R\000e\000s\000p\000o\000n\000s\000i\000b\000i\000l\000i\000t\000i\000e\000s\000\040\000A\000n\000a\000l\000y\000s\000i\000s}{subsection.2.2}% 6
\BOOKMARK [2][-]{subsection.2.3}{\376\377\000T\000h\000e\000\040\000M\000a\000i\000n\000.\000p\000y\000\040\000A\000P\000I\000\040\000M\000o\000n\000o\000l\000i\000t\000h}{section.2}% 7
\BOOKMARK [3][-]{subsubsection.2.3.1}{\376\377\000E\000n\000d\000p\000o\000i\000n\000t\000\040\000A\000n\000a\000l\000y\000s\000i\000s}{subsection.2.3}% 8
\BOOKMARK [2][-]{subsection.2.4}{\376\377\000T\000h\000e\000\040\000D\000a\000t\000a\000\040\000A\000c\000c\000e\000s\000s\000\040\000M\000o\000n\000o\000l\000i\000t\000h}{section.2}% 9
\BOOKMARK [3][-]{subsubsection.2.4.1}{\376\377\000R\000e\000s\000p\000o\000n\000s\000i\000b\000i\000l\000i\000t\000i\000e\000s\000\040\000A\000n\000a\000l\000y\000s\000i\000s}{subsection.2.4}% 10
\BOOKMARK [1][-]{section.3}{\376\377\000T\000h\000e\000\040\000F\000r\000o\000n\000t\000e\000n\000d\000\040\000M\000e\000g\000a\000-\000C\000o\000m\000p\000o\000n\000e\000n\000t\000\040\000E\000c\000o\000s\000y\000s\000t\000e\000m}{}% 11
\BOOKMARK [2][-]{subsection.3.1}{\376\377\000T\000h\000e\000\040\000T\000y\000p\000e\000S\000c\000r\000i\000p\000t\000/\000T\000S\000X\000\040\000M\000o\000n\000o\000l\000i\000t\000h\000\040\000L\000a\000n\000d\000s\000c\000a\000p\000e}{section.3}% 12
\BOOKMARK [2][-]{subsection.3.2}{\376\377\000T\000h\000e\000\040\000B\000o\000u\000n\000d\000i\000n\000g\000B\000o\000x\000E\000d\000i\000t\000o\000r\000\040\000M\000e\000g\000a\000-\000C\000o\000m\000p\000o\000n\000e\000n\000t}{section.3}% 13
\BOOKMARK [3][-]{subsubsection.3.2.1}{\376\377\000R\000e\000s\000p\000o\000n\000s\000i\000b\000i\000l\000i\000t\000i\000e\000s\000\040\000A\000n\000a\000l\000y\000s\000i\000s}{subsection.3.2}% 14
\BOOKMARK [2][-]{subsection.3.3}{\376\377\000T\000h\000e\000\040\000A\000p\000p\000\040\000C\000o\000n\000t\000e\000x\000t\000\040\000G\000o\000d\000\040\000O\000b\000j\000e\000c\000t}{section.3}% 15
\BOOKMARK [3][-]{subsubsection.3.3.1}{\376\377\000R\000e\000s\000p\000o\000n\000s\000i\000b\000i\000l\000i\000t\000i\000e\000s\000\040\000A\000n\000a\000l\000y\000s\000i\000s}{subsection.3.3}% 16
\BOOKMARK [2][-]{subsection.3.4}{\376\377\000T\000h\000e\000\040\000M\000o\000d\000e\000l\000M\000a\000n\000a\000g\000e\000m\000e\000n\000t\000S\000e\000t\000t\000i\000n\000g\000s\000\040\000M\000e\000g\000a\000-\000C\000o\000m\000p\000o\000n\000e\000n\000t}{section.3}% 17
\BOOKMARK [3][-]{subsubsection.3.4.1}{\376\377\000R\000e\000s\000p\000o\000n\000s\000i\000b\000i\000l\000i\000t\000i\000e\000s\000\040\000A\000n\000a\000l\000y\000s\000i\000s}{subsection.3.4}% 18
\BOOKMARK [1][-]{section.4}{\376\377\000T\000h\000e\000\040\000C\000o\000m\000p\000o\000s\000a\000b\000l\000e\000\040\000C\000o\000m\000p\000l\000e\000x\000i\000t\000y\000\040\000E\000x\000p\000l\000o\000s\000i\000o\000n}{}% 19
\BOOKMARK [2][-]{subsection.4.1}{\376\377\000T\000h\000e\000\040\000O\000v\000e\000r\000s\000i\000z\000e\000d\000\040\000C\000o\000m\000p\000o\000s\000a\000b\000l\000e\000\040\000L\000a\000n\000d\000s\000c\000a\000p\000e}{section.4}% 20
\BOOKMARK [2][-]{subsection.4.2}{\376\377\000T\000h\000e\000\040\000P\000e\000r\000f\000o\000r\000m\000a\000n\000c\000e\000\040\000C\000o\000o\000r\000d\000i\000n\000a\000t\000i\000o\000n\000\040\000T\000e\000s\000t\000\040\000M\000o\000n\000o\000l\000i\000t\000h}{section.4}% 21
\BOOKMARK [3][-]{subsubsection.4.2.1}{\376\377\000R\000e\000s\000p\000o\000n\000s\000i\000b\000i\000l\000i\000t\000i\000e\000s\000\040\000A\000n\000a\000l\000y\000s\000i\000s}{subsection.4.2}% 22
\BOOKMARK [1][-]{section.5}{\376\377\000T\000h\000e\000\040\000C\000o\000m\000p\000r\000e\000h\000e\000n\000s\000i\000v\000e\000\040\000R\000e\000f\000a\000c\000t\000o\000r\000i\000n\000g\000\040\000S\000t\000r\000a\000t\000e\000g\000y}{}% 23
\BOOKMARK [2][-]{subsection.5.1}{\376\377\000P\000h\000a\000s\000e\000\040\0001\000:\000\040\000B\000a\000c\000k\000e\000n\000d\000\040\000L\000e\000v\000i\000a\000t\000h\000a\000n\000\040\000D\000e\000c\000o\000m\000p\000o\000s\000i\000t\000i\000o\000n}{section.5}% 24
\BOOKMARK [3][-]{subsubsection.5.1.1}{\376\377\000T\000h\000e\000\040\000L\000a\000z\000y\000\040\000L\000o\000a\000d\000e\000r\000\040\000T\000r\000a\000n\000s\000f\000o\000r\000m\000a\000t\000i\000o\000n}{subsection.5.1}% 25
\BOOKMARK [3][-]{subsubsection.5.1.2}{\376\377\000T\000h\000e\000\040\000M\000a\000i\000n\000.\000p\000y\000\040\000A\000P\000I\000\040\000T\000r\000a\000n\000s\000f\000o\000r\000m\000a\000t\000i\000o\000n}{subsection.5.1}% 26
\BOOKMARK [3][-]{subsubsection.5.1.3}{\376\377\000T\000h\000e\000\040\000D\000a\000t\000a\000\040\000A\000c\000c\000e\000s\000s\000\040\000T\000r\000a\000n\000s\000f\000o\000r\000m\000a\000t\000i\000o\000n}{subsection.5.1}% 27
\BOOKMARK [2][-]{subsection.5.2}{\376\377\000P\000h\000a\000s\000e\000\040\0002\000:\000\040\000F\000r\000o\000n\000t\000e\000n\000d\000\040\000M\000e\000g\000a\000-\000C\000o\000m\000p\000o\000n\000e\000n\000t\000\040\000D\000e\000c\000o\000m\000p\000o\000s\000i\000t\000i\000o\000n}{section.5}% 28
\BOOKMARK [3][-]{subsubsection.5.2.1}{\376\377\000T\000h\000e\000\040\000B\000o\000u\000n\000d\000i\000n\000g\000B\000o\000x\000E\000d\000i\000t\000o\000r\000\040\000T\000r\000a\000n\000s\000f\000o\000r\000m\000a\000t\000i\000o\000n}{subsection.5.2}% 29
\BOOKMARK [3][-]{subsubsection.5.2.2}{\376\377\000T\000h\000e\000\040\000A\000p\000p\000\040\000C\000o\000n\000t\000e\000x\000t\000\040\000T\000r\000a\000n\000s\000f\000o\000r\000m\000a\000t\000i\000o\000n}{subsection.5.2}% 30
\BOOKMARK [3][-]{subsubsection.5.2.3}{\376\377\000T\000h\000e\000\040\000M\000o\000d\000e\000l\000M\000a\000n\000a\000g\000e\000m\000e\000n\000t\000S\000e\000t\000t\000i\000n\000g\000s\000\040\000T\000r\000a\000n\000s\000f\000o\000r\000m\000a\000t\000i\000o\000n}{subsection.5.2}% 31
\BOOKMARK [2][-]{subsection.5.3}{\376\377\000P\000h\000a\000s\000e\000\040\0003\000:\000\040\000C\000o\000m\000p\000o\000s\000a\000b\000l\000e\000\040\000D\000e\000c\000o\000m\000p\000o\000s\000i\000t\000i\000o\000n}{section.5}% 32
\BOOKMARK [3][-]{subsubsection.5.3.1}{\376\377\000T\000h\000e\000\040\000P\000e\000r\000f\000o\000r\000m\000a\000n\000c\000e\000\040\000C\000o\000o\000r\000d\000i\000n\000a\000t\000i\000o\000n\000\040\000T\000r\000a\000n\000s\000f\000o\000r\000m\000a\000t\000i\000o\000n}{subsection.5.3}% 33
\BOOKMARK [1][-]{section.6}{\376\377\000I\000m\000p\000l\000e\000m\000e\000n\000t\000a\000t\000i\000o\000n\000\040\000R\000o\000a\000d\000m\000a\000p}{}% 34
\BOOKMARK [2][-]{subsection.6.1}{\376\377\000P\000h\000a\000s\000e\000\040\0001\000:\000\040\000B\000a\000c\000k\000e\000n\000d\000\040\000L\000e\000v\000i\000a\000t\000h\000a\000n\000\040\000S\000u\000r\000g\000e\000r\000y\000\040\000\050\000W\000e\000e\000k\000s\000\040\0001\000-\0008\000\051}{section.6}% 35
\BOOKMARK [2][-]{subsection.6.2}{\376\377\000P\000h\000a\000s\000e\000\040\0002\000:\000\040\000F\000r\000o\000n\000t\000e\000n\000d\000\040\000M\000e\000g\000a\000-\000C\000o\000m\000p\000o\000n\000e\000n\000t\000\040\000S\000u\000r\000g\000e\000r\000y\000\040\000\050\000W\000e\000e\000k\000s\000\040\0009\000-\0001\0006\000\051}{section.6}% 36
\BOOKMARK [2][-]{subsection.6.3}{\376\377\000P\000h\000a\000s\000e\000\040\0003\000:\000\040\000C\000o\000m\000p\000o\000s\000a\000b\000l\000e\000\040\000D\000e\000c\000o\000m\000p\000o\000s\000i\000t\000i\000o\000n\000\040\000\050\000W\000e\000e\000k\000s\000\040\0001\0007\000-\0002\0000\000\051}{section.6}% 37
\BOOKMARK [2][-]{subsection.6.4}{\376\377\000P\000h\000a\000s\000e\000\040\0004\000:\000\040\000I\000n\000t\000e\000g\000r\000a\000t\000i\000o\000n\000\040\000a\000n\000d\000\040\000T\000e\000s\000t\000i\000n\000g\000\040\000\050\000W\000e\000e\000k\000s\000\040\0002\0001\000-\0002\0004\000\051}{section.6}% 38
\BOOKMARK [1][-]{section.7}{\376\377\000B\000e\000n\000e\000f\000i\000t\000s\000\040\000o\000f\000\040\000C\000o\000m\000p\000r\000e\000h\000e\000n\000s\000i\000v\000e\000\040\000R\000e\000f\000a\000c\000t\000o\000r\000i\000n\000g}{}% 39
\BOOKMARK [2][-]{subsection.7.1}{\376\377\000A\000r\000c\000h\000i\000t\000e\000c\000t\000u\000r\000a\000l\000\040\000B\000e\000n\000e\000f\000i\000t\000s}{section.7}% 40
\BOOKMARK [2][-]{subsection.7.2}{\376\377\000D\000e\000v\000e\000l\000o\000p\000m\000e\000n\000t\000\040\000B\000e\000n\000e\000f\000i\000t\000s}{section.7}% 41
\BOOKMARK [2][-]{subsection.7.3}{\376\377\000C\000o\000m\000m\000u\000n\000i\000t\000y\000\040\000B\000e\000n\000e\000f\000i\000t\000s}{section.7}% 42
\BOOKMARK [1][-]{section.8}{\376\377\000R\000i\000s\000k\000s\000\040\000a\000n\000d\000\040\000M\000i\000t\000i\000g\000a\000t\000i\000o\000n}{}% 43
\BOOKMARK [2][-]{subsection.8.1}{\376\377\000C\000o\000o\000r\000d\000i\000n\000a\000t\000i\000o\000n\000\040\000C\000o\000m\000p\000l\000e\000x\000i\000t\000y}{section.8}% 44
\BOOKMARK [2][-]{subsection.8.2}{\376\377\000P\000e\000r\000f\000o\000r\000m\000a\000n\000c\000e\000\040\000O\000v\000e\000r\000h\000e\000a\000d}{section.8}% 45
\BOOKMARK [2][-]{subsection.8.3}{\376\377\000O\000v\000e\000r\000-\000A\000t\000o\000m\000i\000z\000a\000t\000i\000o\000n}{section.8}% 46
\BOOKMARK [2][-]{subsection.8.4}{\376\377\000I\000n\000t\000e\000g\000r\000a\000t\000i\000o\000n\000\040\000C\000o\000m\000p\000l\000e\000x\000i\000t\000y}{section.8}% 47
\BOOKMARK [1][-]{section.9}{\376\377\000C\000o\000n\000c\000l\000u\000s\000i\000o\000n}{}% 48
