\BOOKMARK [1][-]{section.1}{\376\377\000I\000n\000t\000r\000o\000d\000u\000c\000t\000i\000o\000n}{}% 1
\BOOKMARK [1][-]{section.2}{\376\377\000C\000O\000N\000D\000U\000C\000T\000\040\000S\000y\000s\000t\000e\000m\000\040\000A\000r\000c\000h\000i\000t\000e\000c\000t\000u\000r\000e}{}% 2
\BOOKMARK [2][-]{subsection.2.1}{\376\377\000S\000c\000r\000o\000l\000l\000M\000a\000n\000a\000g\000e\000r\000:\000\040\000T\000h\000e\000\040\000D\000i\000r\000e\000c\000t\000\040\000D\000O\000M\000\040\000I\000n\000t\000e\000r\000f\000a\000c\000e}{section.2}% 3
\BOOKMARK [2][-]{subsection.2.2}{\376\377\000u\000s\000e\000S\000c\000r\000o\000l\000l\000C\000o\000o\000r\000d\000i\000n\000a\000t\000o\000r\000:\000\040\000T\000h\000e\000\040\000O\000r\000c\000h\000e\000s\000t\000r\000a\000t\000i\000o\000n\000\040\000L\000a\000y\000e\000r}{section.2}% 4
\BOOKMARK [2][-]{subsection.2.3}{\376\377\000u\000s\000e\000S\000c\000r\000o\000l\000l\000P\000e\000r\000f\000o\000r\000m\000a\000n\000c\000e\000M\000o\000n\000i\000t\000o\000r\000:\000\040\000T\000r\000a\000c\000k\000i\000n\000g\000\040\000a\000n\000d\000\040\000D\000i\000a\000g\000n\000o\000s\000t\000i\000c\000s}{section.2}% 5
\BOOKMARK [2][-]{subsection.2.4}{\376\377\000u\000s\000e\000G\000a\000l\000l\000e\000r\000y\000S\000c\000r\000o\000l\000l\000:\000\040\000T\000h\000e\000\040\000G\000a\000l\000l\000e\000r\000y\000\040\000I\000n\000t\000e\000r\000f\000a\000c\000e}{section.2}% 6
\BOOKMARK [3][-]{subsubsection.2.4.1}{\376\377\000I\000m\000a\000g\000e\000V\000i\000e\000w\000e\000r\000\040\000C\000o\000r\000e\000:\000\040\000Z\000o\000o\000m\000\040\000a\000n\000d\000\040\000P\000a\000n}{subsection.2.4}% 7
\BOOKMARK [3][-]{subsubsection.2.4.2}{\376\377\000I\000m\000a\000g\000e\000\040\000L\000o\000a\000d\000i\000n\000g\000\040\000a\000n\000d\000\040\000P\000r\000o\000g\000r\000e\000s\000s\000i\000v\000e\000\040\000P\000r\000o\000c\000e\000s\000s\000i\000n\000g}{subsection.2.4}% 8
\BOOKMARK [3][-]{subsubsection.2.4.3}{\376\377\000G\000a\000l\000l\000e\000r\000y\000C\000o\000n\000t\000e\000x\000t\000:\000\040\000G\000l\000o\000b\000a\000l\000\040\000S\000t\000a\000t\000e\000\040\000a\000n\000d\000\040\000S\000c\000r\000o\000l\000l\000\040\000I\000n\000f\000l\000u\000e\000n\000c\000e}{subsection.2.4}% 9
\BOOKMARK [3][-]{subsubsection.2.4.4}{\376\377\000K\000e\000y\000b\000o\000a\000r\000d\000\040\000N\000a\000v\000i\000g\000a\000t\000i\000o\000n\000\040\000a\000n\000d\000\040\000S\000e\000l\000e\000c\000t\000i\000o\000n\000\040\000I\000n\000t\000e\000g\000r\000a\000t\000i\000o\000n}{subsection.2.4}% 10
\BOOKMARK [3][-]{subsubsection.2.4.5}{\376\377\000R\000e\000s\000p\000o\000n\000s\000i\000v\000e\000\040\000D\000e\000s\000i\000g\000n\000\040\000a\000n\000d\000\040\000D\000y\000n\000a\000m\000i\000c\000\040\000L\000a\000y\000o\000u\000t\000\040\000A\000d\000j\000u\000s\000t\000m\000e\000n\000t\000s}{subsection.2.4}% 11
\BOOKMARK [3][-]{subsubsection.2.4.6}{\376\377\000E\000r\000r\000o\000r\000\040\000H\000a\000n\000d\000l\000i\000n\000g\000\040\000a\000n\000d\000\040\000N\000o\000t\000i\000f\000i\000c\000a\000t\000i\000o\000n\000\040\000S\000y\000s\000t\000e\000m\000\040\000I\000n\000t\000e\000g\000r\000a\000t\000i\000o\000n}{subsection.2.4}% 12
\BOOKMARK [1][-]{section.3}{\376\377\000K\000e\000y\000\040\000M\000e\000c\000h\000a\000n\000i\000s\000m\000s\000\040\000a\000n\000d\000\040\000P\000e\000r\000f\000o\000r\000m\000a\000n\000c\000e\000\040\000D\000e\000e\000p\000\040\000D\000i\000v\000e}{}% 13
\BOOKMARK [2][-]{subsection.3.1}{\376\377\000P\000r\000i\000o\000r\000i\000t\000y\000-\000B\000a\000s\000e\000d\000\040\000C\000o\000n\000f\000l\000i\000c\000t\000\040\000R\000e\000s\000o\000l\000u\000t\000i\000o\000n}{section.3}% 14
\BOOKMARK [3][-]{subsubsection.3.1.1}{\376\377\000C\000o\000n\000f\000l\000i\000c\000t\000\040\000R\000e\000s\000o\000l\000u\000t\000i\000o\000n\000\040\000S\000t\000r\000a\000t\000e\000g\000i\000e\000s}{subsection.3.1}% 15
\BOOKMARK [2][-]{subsection.3.2}{\376\377\000P\000a\000s\000s\000i\000v\000e\000\040\000E\000v\000e\000n\000t\000\040\000L\000i\000s\000t\000e\000n\000e\000r\000s\000\040\000f\000o\000r\000\040\000J\000a\000n\000k\000\040\000P\000r\000e\000v\000e\000n\000t\000i\000o\000n}{section.3}% 16
\BOOKMARK [2][-]{subsection.3.3}{\376\377\000R\000e\000a\000l\000-\000t\000i\000m\000e\000\040\000P\000e\000r\000f\000o\000r\000m\000a\000n\000c\000e\000\040\000M\000o\000n\000i\000t\000o\000r\000i\000n\000g\000\040\000a\000n\000d\000\040\000D\000e\000b\000u\000g\000g\000i\000n\000g}{section.3}% 17
\BOOKMARK [2][-]{subsection.3.4}{\376\377\000L\000e\000v\000e\000r\000a\000g\000i\000n\000g\000\040\000S\000o\000l\000i\000d\000J\000S\000\040\000R\000e\000a\000c\000t\000i\000v\000i\000t\000y}{section.3}% 18
\BOOKMARK [3][-]{subsubsection.3.4.1}{\376\377\000V\000i\000r\000t\000u\000a\000l\000\040\000S\000e\000l\000e\000c\000t\000i\000o\000n\000\040\000f\000o\000r\000\040\000P\000e\000r\000f\000o\000r\000m\000a\000n\000c\000e\000\040\000O\000p\000t\000i\000m\000i\000z\000a\000t\000i\000o\000n}{subsection.3.4}% 19
\BOOKMARK [2][-]{subsection.3.5}{\376\377\000A\000n\000i\000m\000a\000t\000i\000o\000n\000\040\000a\000n\000d\000\040\000T\000i\000m\000i\000n\000g\000\040\000P\000r\000e\000c\000i\000s\000i\000o\000n}{section.3}% 20
\BOOKMARK [2][-]{subsection.3.6}{\376\377\000C\000o\000m\000p\000a\000r\000i\000s\000o\000n\000\040\000w\000i\000t\000h\000\040\000O\000t\000h\000e\000r\000\040\000S\000c\000r\000o\000l\000l\000\040\000M\000a\000n\000a\000g\000e\000m\000e\000n\000t\000\040\000S\000y\000s\000t\000e\000m\000s}{section.3}% 21
\BOOKMARK [3][-]{subsubsection.3.6.1}{\376\377\000S\000i\000m\000i\000l\000a\000r\000i\000t\000i\000e\000s\000\040\000a\000n\000d\000\040\000D\000i\000f\000f\000e\000r\000e\000n\000c\000e\000s\000\040\000w\000i\000t\000h\000\040\000G\000e\000n\000e\000r\000a\000l\000\040\000W\000e\000b\000\040\000S\000c\000r\000o\000l\000l\000i\000n\000g\000\040\000P\000r\000a\000c\000t\000i\000c\000e\000s}{subsection.3.6}% 22
\BOOKMARK [3][-]{subsubsection.3.6.2}{\376\377\000U\000n\000i\000q\000u\000e\000\040\000S\000t\000r\000e\000n\000g\000t\000h\000s\000\040\000o\000f\000\040\000Y\000i\000p\000Y\000a\000p\000'\000s\000\040\000C\000O\000N\000D\000U\000C\000T}{subsection.3.6}% 23
\BOOKMARK [3][-]{subsubsection.3.6.3}{\376\377\000C\000o\000m\000p\000a\000r\000i\000s\000o\000n\000\040\000w\000i\000t\000h\000\040\000S\000p\000e\000c\000i\000f\000i\000c\000\040\000L\000i\000b\000r\000a\000r\000i\000e\000s\000/\000T\000o\000o\000l\000s}{subsection.3.6}% 24
\BOOKMARK [1][-]{section.4}{\376\377\000A\000l\000g\000o\000r\000i\000t\000h\000m\000s}{}% 25
\BOOKMARK [2][-]{subsection.4.1}{\376\377\000P\000r\000i\000o\000r\000i\000t\000y\000-\000B\000a\000s\000e\000d\000\040\000S\000c\000r\000o\000l\000l\000\040\000O\000p\000e\000r\000a\000t\000i\000o\000n\000\040\000M\000a\000n\000a\000g\000e\000m\000e\000n\000t}{section.4}% 26
\BOOKMARK [2][-]{subsection.4.2}{\376\377\000S\000m\000o\000o\000t\000h\000\040\000S\000c\000r\000o\000l\000l\000\040\000A\000n\000i\000m\000a\000t\000i\000o\000n}{section.4}% 27
\BOOKMARK [2][-]{subsection.4.3}{\376\377\000S\000c\000r\000o\000l\000l\000\040\000C\000o\000n\000f\000l\000i\000c\000t\000\040\000D\000e\000t\000e\000c\000t\000i\000o\000n}{section.4}% 28
\BOOKMARK [2][-]{subsection.4.4}{\376\377\000S\000e\000l\000e\000c\000t\000e\000d\000\040\000I\000t\000e\000m\000\040\000P\000o\000s\000i\000t\000i\000o\000n\000\040\000T\000r\000a\000c\000k\000i\000n\000g}{section.4}% 29
\BOOKMARK [2][-]{subsection.4.5}{\376\377\000S\000c\000r\000o\000l\000l\000\040\000C\000o\000m\000p\000l\000e\000t\000i\000o\000n\000\040\000D\000e\000t\000e\000c\000t\000i\000o\000n}{section.4}% 30
\BOOKMARK [2][-]{subsection.4.6}{\376\377\000W\000h\000e\000e\000l\000\040\000E\000v\000e\000n\000t\000\040\000P\000r\000o\000c\000e\000s\000s\000i\000n\000g}{section.4}% 31
\BOOKMARK [1][-]{section.5}{\376\377\000C\000o\000n\000c\000l\000u\000s\000i\000o\000n}{}% 32
\BOOKMARK [1][-]{section.6}{\376\377\000R\000e\000f\000e\000r\000e\000n\000c\000e\000s}{}% 33
